CRITICAL - 2023-01-05 10:06:03 --> Trying to get property 'user_clus' of non-object
in APPPATH/Controllers/AdminController.php on line 1195.
 1 APPPATH/Controllers/AdminController.php(1195): CodeIgniter\Debug\Exceptions->errorHandler(8, 'Trying to get property \'user_clus\' of non-object', 'APPPATH/Controllers/AdminController.php', 1195, [...])
 2 SYSTEMPATH/CodeIgniter.php(927): App\Controllers\AdminController->editprofilearea('1')
 3 SYSTEMPATH/CodeIgniter.php(482): CodeIgniter\CodeIgniter->runController(Object(App\Controllers\AdminController))
 4 SYSTEMPATH/CodeIgniter.php(351): CodeIgniter\CodeIgniter->handleRequest(null, Object(Config\Cache), false)
 5 FCPATH/index.php(67): CodeIgniter\CodeIgniter->run()
 6 SYSTEMPATH/Commands/Server/rewrite.php(46): require_once('FCPATH/index.php')
CRITICAL - 2023-01-05 10:06:34 --> Undefined variable: a
in APPPATH/Views/admin/editprofilearea.php on line 72.
 1 APPPATH/Views/admin/editprofilearea.php(72): CodeIgniter\Debug\Exceptions->errorHandler(8, 'Undefined variable: a', 'APPPATH/Views/admin/editprofilearea.php', 72, [...])
 2 SYSTEMPATH/View/View.php(213): include('APPPATH/Views/admin/editprofilearea.php')
 3 SYSTEMPATH/View/View.php(216): CodeIgniter\View\View->CodeIgniter\View\{closure}()
 4 SYSTEMPATH/Common.php(1134): CodeIgniter\View\View->render('admin/editprofilearea', [], true)
 5 APPPATH/Controllers/AdminController.php(1202): view('admin/editprofilearea', [...])
 6 SYSTEMPATH/CodeIgniter.php(927): App\Controllers\AdminController->editprofilearea('1')
 7 SYSTEMPATH/CodeIgniter.php(482): CodeIgniter\CodeIgniter->runController(Object(App\Controllers\AdminController))
 8 SYSTEMPATH/CodeIgniter.php(351): CodeIgniter\CodeIgniter->handleRequest(null, Object(Config\Cache), false)
 9 FCPATH/index.php(67): CodeIgniter\CodeIgniter->run()
10 SYSTEMPATH/Commands/Server/rewrite.php(46): require_once('FCPATH/index.php')
CRITICAL - 2023-01-05 10:07:08 --> Undefined variable: a
in APPPATH/Views/admin/editprofilearea.php on line 72.
 1 APPPATH/Views/admin/editprofilearea.php(72): CodeIgniter\Debug\Exceptions->errorHandler(8, 'Undefined variable: a', 'APPPATH/Views/admin/editprofilearea.php', 72, [...])
 2 SYSTEMPATH/View/View.php(213): include('APPPATH/Views/admin/editprofilearea.php')
 3 SYSTEMPATH/View/View.php(216): CodeIgniter\View\View->CodeIgniter\View\{closure}()
 4 SYSTEMPATH/Common.php(1134): CodeIgniter\View\View->render('admin/editprofilearea', [], true)
 5 APPPATH/Controllers/AdminController.php(1202): view('admin/editprofilearea', [...])
 6 SYSTEMPATH/CodeIgniter.php(927): App\Controllers\AdminController->editprofilearea('1')
 7 SYSTEMPATH/CodeIgniter.php(482): CodeIgniter\CodeIgniter->runController(Object(App\Controllers\AdminController))
 8 SYSTEMPATH/CodeIgniter.php(351): CodeIgniter\CodeIgniter->handleRequest(null, Object(Config\Cache), false)
 9 FCPATH/index.php(67): CodeIgniter\CodeIgniter->run()
10 SYSTEMPATH/Commands/Server/rewrite.php(46): require_once('FCPATH/index.php')
CRITICAL - 2023-01-05 10:07:23 --> Trying to get property 'user_clus' of non-object
in APPPATH/Views/admin/editprofilearea.php on line 72.
 1 APPPATH/Views/admin/editprofilearea.php(72): CodeIgniter\Debug\Exceptions->errorHandler(8, 'Trying to get property \'user_clus\' of non-object', 'APPPATH/Views/admin/editprofilearea.php', 72, [...])
 2 SYSTEMPATH/View/View.php(213): include('APPPATH/Views/admin/editprofilearea.php')
 3 SYSTEMPATH/View/View.php(216): CodeIgniter\View\View->CodeIgniter\View\{closure}()
 4 SYSTEMPATH/Common.php(1134): CodeIgniter\View\View->render('admin/editprofilearea', [], true)
 5 APPPATH/Controllers/AdminController.php(1202): view('admin/editprofilearea', [...])
 6 SYSTEMPATH/CodeIgniter.php(927): App\Controllers\AdminController->editprofilearea('1')
 7 SYSTEMPATH/CodeIgniter.php(482): CodeIgniter\CodeIgniter->runController(Object(App\Controllers\AdminController))
 8 SYSTEMPATH/CodeIgniter.php(351): CodeIgniter\CodeIgniter->handleRequest(null, Object(Config\Cache), false)
 9 FCPATH/index.php(67): CodeIgniter\CodeIgniter->run()
10 SYSTEMPATH/Commands/Server/rewrite.php(46): require_once('FCPATH/index.php')
CRITICAL - 2023-01-05 10:08:06 --> Trying to get property 'user_area' of non-object
in APPPATH/Views/admin/editprofilearea.php on line 84.
 1 APPPATH/Views/admin/editprofilearea.php(84): CodeIgniter\Debug\Exceptions->errorHandler(8, 'Trying to get property \'user_area\' of non-object', 'APPPATH/Views/admin/editprofilearea.php', 84, [...])
 2 SYSTEMPATH/View/View.php(213): include('APPPATH/Views/admin/editprofilearea.php')
 3 SYSTEMPATH/View/View.php(216): CodeIgniter\View\View->CodeIgniter\View\{closure}()
 4 SYSTEMPATH/Common.php(1134): CodeIgniter\View\View->render('admin/editprofilearea', [], true)
 5 APPPATH/Controllers/AdminController.php(1202): view('admin/editprofilearea', [...])
 6 SYSTEMPATH/CodeIgniter.php(927): App\Controllers\AdminController->editprofilearea('1')
 7 SYSTEMPATH/CodeIgniter.php(482): CodeIgniter\CodeIgniter->runController(Object(App\Controllers\AdminController))
 8 SYSTEMPATH/CodeIgniter.php(351): CodeIgniter\CodeIgniter->handleRequest(null, Object(Config\Cache), false)
 9 FCPATH/index.php(67): CodeIgniter\CodeIgniter->run()
10 SYSTEMPATH/Commands/Server/rewrite.php(46): require_once('FCPATH/index.php')
CRITICAL - 2023-01-05 10:08:18 --> Undefined index: clus_name
in APPPATH/Views/admin/editprofilearea.php on line 84.
 1 APPPATH/Views/admin/editprofilearea.php(84): CodeIgniter\Debug\Exceptions->errorHandler(8, 'Undefined index: clus_name', 'APPPATH/Views/admin/editprofilearea.php', 84, [...])
 2 SYSTEMPATH/View/View.php(213): include('APPPATH/Views/admin/editprofilearea.php')
 3 SYSTEMPATH/View/View.php(216): CodeIgniter\View\View->CodeIgniter\View\{closure}()
 4 SYSTEMPATH/Common.php(1134): CodeIgniter\View\View->render('admin/editprofilearea', [], true)
 5 APPPATH/Controllers/AdminController.php(1202): view('admin/editprofilearea', [...])
 6 SYSTEMPATH/CodeIgniter.php(927): App\Controllers\AdminController->editprofilearea('1')
 7 SYSTEMPATH/CodeIgniter.php(482): CodeIgniter\CodeIgniter->runController(Object(App\Controllers\AdminController))
 8 SYSTEMPATH/CodeIgniter.php(351): CodeIgniter\CodeIgniter->handleRequest(null, Object(Config\Cache), false)
 9 FCPATH/index.php(67): CodeIgniter\CodeIgniter->run()
10 SYSTEMPATH/Commands/Server/rewrite.php(46): require_once('FCPATH/index.php')
