ERROR - 2023-01-13 07:54:08 --> Error connecting to the database: mysqli_sql_exception: Access denied for user 'fame'@'localhost' (using password: YES) in /Users/chudphikul/Desktop/DIS/dis_obec/system/Database/MySQLi/Connection.php:171
Stack trace:
#0 /Users/chudphikul/Desktop/DIS/dis_obec/system/Database/MySQLi/Connection.php(171): mysqli->real_connect('127.0.0.1:3306', 'fame', 'feme@dMinDis', 'fame', 3306, '', 0)
#1 /Users/chudphikul/Desktop/DIS/dis_obec/system/Database/BaseConnection.php(382): CodeIgniter\Database\MySQLi\Connection->connect(false)
#2 /Users/chudphikul/Desktop/DIS/dis_obec/system/Database/BaseConnection.php(561): CodeIgniter\Database\BaseConnection->initialize()
#3 /Users/chudphikul/Desktop/DIS/dis_obec/system/Model.php(768): CodeIgniter\Database\BaseConnection->query('DELETE FROM use...')
#4 /Users/chudphikul/Desktop/DIS/dis_obec/app/Libraries/UserOnline.php(27): CodeIgniter\Model->__call('query', Array)
#5 /Users/chudphikul/Desktop/DIS/dis_obec/system/Events/Events.php(149): App\Libraries\UserOnline->online()
#6 /Users/chudphikul/Desktop/DIS/dis_obec/system/CodeIgniter.php(328): CodeIgniter\Events\Events::trigger('pre_system')
#7 /Users/chudphikul/Desktop/DIS/dis_obec/system/CLI/Console.php(48): CodeIgniter\CodeIgniter->run()
#8 /Users/chudphikul/Desktop/DIS/dis_obec/spark(98): CodeIgniter\CLI\Console->run()
#9 {main}

Next CodeIgniter\Database\Exceptions\DatabaseException: Access denied for user '****'@'localhost' (using password: YES) in /Users/chudphikul/Desktop/DIS/dis_obec/system/Database/MySQLi/Connection.php:215
Stack trace:
#0 /Users/chudphikul/Desktop/DIS/dis_obec/system/Database/BaseConnection.php(382): CodeIgniter\Database\MySQLi\Connection->connect(false)
#1 /Users/chudphikul/Desktop/DIS/dis_obec/system/Database/BaseConnection.php(561): CodeIgniter\Database\BaseConnection->initialize()
#2 /Users/chudphikul/Desktop/DIS/dis_obec/system/Model.php(768): CodeIgniter\Database\BaseConnection->query('DELETE FROM use...')
#3 /Users/chudphikul/Desktop/DIS/dis_obec/app/Libraries/UserOnline.php(27): CodeIgniter\Model->__call('query', Array)
#4 /Users/chudphikul/Desktop/DIS/dis_obec/system/Events/Events.php(149): App\Libraries\UserOnline->online()
#5 /Users/chudphikul/Desktop/DIS/dis_obec/system/CodeIgniter.php(328): CodeIgniter\Events\Events::trigger('pre_system')
#6 /Users/chudphikul/Desktop/DIS/dis_obec/system/CLI/Console.php(48): CodeIgniter\CodeIgniter->run()
#7 /Users/chudphikul/Desktop/DIS/dis_obec/spark(98): CodeIgniter\CLI\Console->run()
#8 {main}
CRITICAL - 2023-01-13 07:54:08 --> Unable to connect to the database.
Main connection [MySQLi]: Access denied for user '****'@'localhost' (using password: YES)
in SYSTEMPATH/Database/BaseConnection.php on line 418.
 1 SYSTEMPATH/Database/BaseConnection.php(561): CodeIgniter\Database\BaseConnection->initialize()
 2 SYSTEMPATH/Model.php(768): CodeIgniter\Database\BaseConnection->query('DELETE FROM users_online WHERE last_activity < 1673564048')
 3 APPPATH/Libraries/UserOnline.php(27): CodeIgniter\Model->__call('query', [...])
 4 SYSTEMPATH/Events/Events.php(149): App\Libraries\UserOnline->online()
 5 SYSTEMPATH/CodeIgniter.php(328): CodeIgniter\Events\Events::trigger('pre_system')
 6 SYSTEMPATH/CLI/Console.php(48): CodeIgniter\CodeIgniter->run()
 7 ROOTPATH/spark(98): CodeIgniter\CLI\Console->run()
