CRITICAL - 2023-01-07 07:22:30 --> Undefined index: clus_short
in APPPATH/Views/admin/cluster_user.php on line 31.
 1 APPPATH/Views/admin/cluster_user.php(31): CodeIgniter\Debug\Exceptions->errorHandler(8, 'Undefined index: clus_short', 'APPPATH/Views/admin/cluster_user.php', 31, [...])
 2 SYSTEMPATH/View/View.php(213): include('APPPATH/Views/admin/cluster_user.php')
 3 SYSTEMPATH/View/View.php(216): CodeIgniter\View\View->CodeIgniter\View\{closure}()
 4 SYSTEMPATH/Common.php(1134): CodeIgniter\View\View->render('admin/cluster_user', [], true)
 5 APPPATH/Controllers/AdminController.php(1539): view('admin/cluster_user', [...])
 6 SYSTEMPATH/CodeIgniter.php(927): App\Controllers\AdminController->cluster_user()
 7 SYSTEMPATH/CodeIgniter.php(482): CodeIgniter\CodeIgniter->runController(Object(App\Controllers\AdminController))
 8 SYSTEMPATH/CodeIgniter.php(351): CodeIgniter\CodeIgniter->handleRequest(null, Object(Config\Cache), false)
 9 FCPATH/index.php(67): CodeIgniter\CodeIgniter->run()
10 SYSTEMPATH/Commands/Server/rewrite.php(46): require_once('FCPATH/index.php')
CRITICAL - 2023-01-07 07:25:59 --> Undefined index: 089-9460007
in APPPATH/Views/admin/area_user.php on line 101.
 1 APPPATH/Views/admin/area_user.php(101): CodeIgniter\Debug\Exceptions->errorHandler(8, 'Undefined index: 089-9460007', 'APPPATH/Views/admin/area_user.php', 101, [...])
 2 SYSTEMPATH/View/View.php(213): include('APPPATH/Views/admin/area_user.php')
 3 SYSTEMPATH/View/View.php(216): CodeIgniter\View\View->CodeIgniter\View\{closure}()
 4 SYSTEMPATH/Common.php(1134): CodeIgniter\View\View->render('admin/area_user', [], true)
 5 APPPATH/Controllers/AdminController.php(1174): view('admin/area_user', [...])
 6 SYSTEMPATH/CodeIgniter.php(927): App\Controllers\AdminController->area_user()
 7 SYSTEMPATH/CodeIgniter.php(482): CodeIgniter\CodeIgniter->runController(Object(App\Controllers\AdminController))
 8 SYSTEMPATH/CodeIgniter.php(351): CodeIgniter\CodeIgniter->handleRequest(null, Object(Config\Cache), false)
 9 FCPATH/index.php(67): CodeIgniter\CodeIgniter->run()
10 SYSTEMPATH/Commands/Server/rewrite.php(46): require_once('FCPATH/index.php')
CRITICAL - 2023-01-07 08:24:51 --> Undefined variable: i
in APPPATH/Views/admin/get_user_ajax.php on line 201.
 1 APPPATH/Views/admin/get_user_ajax.php(201): CodeIgniter\Debug\Exceptions->errorHandler(8, 'Undefined variable: i', 'APPPATH/Views/admin/get_user_ajax.php', 201, [...])
 2 SYSTEMPATH/View/View.php(213): include('APPPATH/Views/admin/get_user_ajax.php')
 3 SYSTEMPATH/View/View.php(216): CodeIgniter\View\View->CodeIgniter\View\{closure}()
 4 SYSTEMPATH/Common.php(1134): CodeIgniter\View\View->render('admin/get_user_ajax', [], true)
 5 APPPATH/Controllers/AdminController.php(1887): view('admin/get_user_ajax', [...])
 6 SYSTEMPATH/CodeIgniter.php(927): App\Controllers\AdminController->get_user()
 7 SYSTEMPATH/CodeIgniter.php(482): CodeIgniter\CodeIgniter->runController(Object(App\Controllers\AdminController))
 8 SYSTEMPATH/CodeIgniter.php(351): CodeIgniter\CodeIgniter->handleRequest(null, Object(Config\Cache), false)
 9 FCPATH/index.php(67): CodeIgniter\CodeIgniter->run()
10 SYSTEMPATH/Commands/Server/rewrite.php(46): require_once('FCPATH/index.php')
CRITICAL - 2023-01-07 08:49:09 --> Undefined variable: v
in APPPATH/Views/admin/get_user_ajax.php on line 163.
 1 APPPATH/Views/admin/get_user_ajax.php(163): CodeIgniter\Debug\Exceptions->errorHandler(8, 'Undefined variable: v', 'APPPATH/Views/admin/get_user_ajax.php', 163, [...])
 2 SYSTEMPATH/View/View.php(213): include('APPPATH/Views/admin/get_user_ajax.php')
 3 SYSTEMPATH/View/View.php(216): CodeIgniter\View\View->CodeIgniter\View\{closure}()
 4 SYSTEMPATH/Common.php(1134): CodeIgniter\View\View->render('admin/get_user_ajax', [], true)
 5 APPPATH/Controllers/AdminController.php(1887): view('admin/get_user_ajax', [...])
 6 SYSTEMPATH/CodeIgniter.php(927): App\Controllers\AdminController->get_user()
 7 SYSTEMPATH/CodeIgniter.php(482): CodeIgniter\CodeIgniter->runController(Object(App\Controllers\AdminController))
 8 SYSTEMPATH/CodeIgniter.php(351): CodeIgniter\CodeIgniter->handleRequest(null, Object(Config\Cache), false)
 9 FCPATH/index.php(67): CodeIgniter\CodeIgniter->run()
10 SYSTEMPATH/Commands/Server/rewrite.php(46): require_once('FCPATH/index.php')
CRITICAL - 2023-01-07 08:51:57 --> syntax error, unexpected '?>'
in APPPATH/Views/admin/get_user_ajax.php on line 163.
 1 SYSTEMPATH/View/View.php(216): CodeIgniter\View\View->CodeIgniter\View\{closure}()
 2 SYSTEMPATH/Common.php(1134): CodeIgniter\View\View->render('admin/get_user_ajax', [], true)
 3 APPPATH/Controllers/AdminController.php(1887): view('admin/get_user_ajax', [...])
 4 SYSTEMPATH/CodeIgniter.php(927): App\Controllers\AdminController->get_user()
 5 SYSTEMPATH/CodeIgniter.php(482): CodeIgniter\CodeIgniter->runController(Object(App\Controllers\AdminController))
 6 SYSTEMPATH/CodeIgniter.php(351): CodeIgniter\CodeIgniter->handleRequest(null, Object(Config\Cache), false)
 7 FCPATH/index.php(67): CodeIgniter\CodeIgniter->run()
 8 SYSTEMPATH/Commands/Server/rewrite.php(46): require_once('FCPATH/index.php')
CRITICAL - 2023-01-07 08:53:02 --> Use of undefined constant row - assumed 'row' (this will throw an Error in a future version of PHP)
in APPPATH/Views/admin/get_user_ajax.php on line 163.
 1 APPPATH/Views/admin/get_user_ajax.php(163): CodeIgniter\Debug\Exceptions->errorHandler(2, 'Use of undefined constant row - assumed \'row\' (this will throw an Error in a future version of PHP)', 'APPPATH/Views/admin/get_user_ajax.php', 163, [...])
 2 SYSTEMPATH/View/View.php(213): include('APPPATH/Views/admin/get_user_ajax.php')
 3 SYSTEMPATH/View/View.php(216): CodeIgniter\View\View->CodeIgniter\View\{closure}()
 4 SYSTEMPATH/Common.php(1134): CodeIgniter\View\View->render('admin/get_user_ajax', [], true)
 5 APPPATH/Controllers/AdminController.php(1887): view('admin/get_user_ajax', [...])
 6 SYSTEMPATH/CodeIgniter.php(927): App\Controllers\AdminController->get_user()
 7 SYSTEMPATH/CodeIgniter.php(482): CodeIgniter\CodeIgniter->runController(Object(App\Controllers\AdminController))
 8 SYSTEMPATH/CodeIgniter.php(351): CodeIgniter\CodeIgniter->handleRequest(null, Object(Config\Cache), false)
 9 FCPATH/index.php(67): CodeIgniter\CodeIgniter->run()
10 SYSTEMPATH/Commands/Server/rewrite.php(46): require_once('FCPATH/index.php')
CRITICAL - 2023-01-07 08:53:21 --> syntax error, unexpected '?>'
in APPPATH/Views/admin/get_user_ajax.php on line 163.
 1 SYSTEMPATH/View/View.php(216): CodeIgniter\View\View->CodeIgniter\View\{closure}()
 2 SYSTEMPATH/Common.php(1134): CodeIgniter\View\View->render('admin/get_user_ajax', [], true)
 3 APPPATH/Controllers/AdminController.php(1887): view('admin/get_user_ajax', [...])
 4 SYSTEMPATH/CodeIgniter.php(927): App\Controllers\AdminController->get_user()
 5 SYSTEMPATH/CodeIgniter.php(482): CodeIgniter\CodeIgniter->runController(Object(App\Controllers\AdminController))
 6 SYSTEMPATH/CodeIgniter.php(351): CodeIgniter\CodeIgniter->handleRequest(null, Object(Config\Cache), false)
 7 FCPATH/index.php(67): CodeIgniter\CodeIgniter->run()
 8 SYSTEMPATH/Commands/Server/rewrite.php(46): require_once('FCPATH/index.php')
CRITICAL - 2023-01-07 08:54:01 --> syntax error, unexpected '?>'
in APPPATH/Views/admin/get_user_ajax.php on line 163.
 1 SYSTEMPATH/View/View.php(216): CodeIgniter\View\View->CodeIgniter\View\{closure}()
 2 SYSTEMPATH/Common.php(1134): CodeIgniter\View\View->render('admin/get_user_ajax', [], true)
 3 APPPATH/Controllers/AdminController.php(1887): view('admin/get_user_ajax', [...])
 4 SYSTEMPATH/CodeIgniter.php(927): App\Controllers\AdminController->get_user()
 5 SYSTEMPATH/CodeIgniter.php(482): CodeIgniter\CodeIgniter->runController(Object(App\Controllers\AdminController))
 6 SYSTEMPATH/CodeIgniter.php(351): CodeIgniter\CodeIgniter->handleRequest(null, Object(Config\Cache), false)
 7 FCPATH/index.php(67): CodeIgniter\CodeIgniter->run()
 8 SYSTEMPATH/Commands/Server/rewrite.php(46): require_once('FCPATH/index.php')
ERROR - 2023-01-07 09:04:47 --> mysqli_sql_exception: Unknown column 'username' in 'where clause' in /Users/chudphikul/Desktop/moral_obec/kuru/system/Database/MySQLi/Connection.php:292
Stack trace:
#0 /Users/chudphikul/Desktop/moral_obec/kuru/system/Database/MySQLi/Connection.php(292): mysqli->query('SELECT `user`.*...', 0)
#1 /Users/chudphikul/Desktop/moral_obec/kuru/system/Database/BaseConnection.php(666): CodeIgniter\Database\MySQLi\Connection->execute('SELECT `user`.*...')
#2 /Users/chudphikul/Desktop/moral_obec/kuru/system/Database/BaseConnection.php(593): CodeIgniter\Database\BaseConnection->simpleQuery('SELECT `user`.*...')
#3 /Users/chudphikul/Desktop/moral_obec/kuru/system/Database/BaseBuilder.php(1585): CodeIgniter\Database\BaseConnection->query('SELECT `user`.*...', Array, false)
#4 /Users/chudphikul/Desktop/moral_obec/kuru/system/Model.php(223): CodeIgniter\Database\BaseBuilder->get()
#5 /Users/chudphikul/Desktop/moral_obec/kuru/system/BaseModel.php(585): CodeIgniter\Model->doFindAll(0, 0)
#6 /Users/chudphikul/Desktop/moral_obec/kuru/app/Models/UsersModel.php(60): CodeIgniter\BaseModel->findAll()
#7 /Users/chudphikul/Desktop/moral_obec/kuru/app/Controllers/AdminController.php(1907): App\Models\UsersModel->getUserAllSearch('o')
#8 /Users/chudphikul/Desktop/moral_obec/kuru/system/CodeIgniter.php(927): App\Controllers\AdminController->Find_User_Ajax()
#9 /Users/chudphikul/Desktop/moral_obec/kuru/system/CodeIgniter.php(482): CodeIgniter\CodeIgniter->runController(Object(App\Controllers\AdminController))
#10 /Users/chudphikul/Desktop/moral_obec/kuru/system/CodeIgniter.php(351): CodeIgniter\CodeIgniter->handleRequest(NULL, Object(Config\Cache), false)
#11 /Users/chudphikul/Desktop/moral_obec/kuru/public/index.php(67): CodeIgniter\CodeIgniter->run()
#12 /Users/chudphikul/Desktop/moral_obec/kuru/system/Commands/Server/rewrite.php(46): require_once('/Users/chudphik...')
#13 {main}
CRITICAL - 2023-01-07 09:04:47 --> Unknown column 'username' in 'where clause'
in SYSTEMPATH/Database/MySQLi/Connection.php on line 292.
 1 SYSTEMPATH/Database/MySQLi/Connection.php(292): mysqli->query('SELECT `user`.*, `area`.*, `school`.*, (user.user_id) as user_id, CONCAT(user.user_prefix, `user_fname`, " ", user.user_lname) As username
FROM `user`
LEFT JOIN `area` ON `area`.`area_code`=`user`.`user_area`
LEFT JOIN `school` ON `school`.`sch_id`=`user`.`sch_id`
WHERE `username` like \'%o%\'', 0)
 2 SYSTEMPATH/Database/BaseConnection.php(666): CodeIgniter\Database\MySQLi\Connection->execute('SELECT `user`.*, `area`.*, `school`.*, (user.user_id) as user_id, CONCAT(user.user_prefix, `user_fname`, " ", user.user_lname) As username
FROM `user`
LEFT JOIN `area` ON `area`.`area_code`=`user`.`user_area`
LEFT JOIN `school` ON `school`.`sch_id`=`user`.`sch_id`
WHERE `username` like \'%o%\'')
 3 SYSTEMPATH/Database/BaseConnection.php(593): CodeIgniter\Database\BaseConnection->simpleQuery('SELECT `user`.*, `area`.*, `school`.*, (user.user_id) as user_id, CONCAT(user.user_prefix, `user_fname`, " ", user.user_lname) As username
FROM `user`
LEFT JOIN `area` ON `area`.`area_code`=`user`.`user_area`
LEFT JOIN `school` ON `school`.`sch_id`=`user`.`sch_id`
WHERE `username` like \'%o%\'')
 4 SYSTEMPATH/Database/BaseBuilder.php(1585): CodeIgniter\Database\BaseConnection->query('SELECT `user`.*, `area`.*, `school`.*, (user.user_id) as user_id, CONCAT(user.user_prefix, `user_fname`, " ", user.user_lname) As username
FROM `user`
LEFT JOIN `area` ON `area`.`area_code`=`user`.`user_area`
LEFT JOIN `school` ON `school`.`sch_id`=`user`.`sch_id`
WHERE `username` like \'%o%\'', [], false)
 5 SYSTEMPATH/Model.php(223): CodeIgniter\Database\BaseBuilder->get()
 6 SYSTEMPATH/BaseModel.php(585): CodeIgniter\Model->doFindAll(0, 0)
 7 APPPATH/Models/UsersModel.php(60): CodeIgniter\BaseModel->findAll()
 8 APPPATH/Controllers/AdminController.php(1907): App\Models\UsersModel->getUserAllSearch('o')
 9 SYSTEMPATH/CodeIgniter.php(927): App\Controllers\AdminController->Find_User_Ajax()
10 SYSTEMPATH/CodeIgniter.php(482): CodeIgniter\CodeIgniter->runController(Object(App\Controllers\AdminController))
11 SYSTEMPATH/CodeIgniter.php(351): CodeIgniter\CodeIgniter->handleRequest(null, Object(Config\Cache), false)
12 FCPATH/index.php(67): CodeIgniter\CodeIgniter->run()
13 SYSTEMPATH/Commands/Server/rewrite.php(46): require_once('FCPATH/index.php')
ERROR - 2023-01-07 09:04:54 --> mysqli_sql_exception: Unknown column 'username' in 'where clause' in /Users/chudphikul/Desktop/moral_obec/kuru/system/Database/MySQLi/Connection.php:292
Stack trace:
#0 /Users/chudphikul/Desktop/moral_obec/kuru/system/Database/MySQLi/Connection.php(292): mysqli->query('SELECT `user`.*...', 0)
#1 /Users/chudphikul/Desktop/moral_obec/kuru/system/Database/BaseConnection.php(666): CodeIgniter\Database\MySQLi\Connection->execute('SELECT `user`.*...')
#2 /Users/chudphikul/Desktop/moral_obec/kuru/system/Database/BaseConnection.php(593): CodeIgniter\Database\BaseConnection->simpleQuery('SELECT `user`.*...')
#3 /Users/chudphikul/Desktop/moral_obec/kuru/system/Database/BaseBuilder.php(1585): CodeIgniter\Database\BaseConnection->query('SELECT `user`.*...', Array, false)
#4 /Users/chudphikul/Desktop/moral_obec/kuru/system/Model.php(223): CodeIgniter\Database\BaseBuilder->get()
#5 /Users/chudphikul/Desktop/moral_obec/kuru/system/BaseModel.php(585): CodeIgniter\Model->doFindAll(0, 0)
#6 /Users/chudphikul/Desktop/moral_obec/kuru/app/Models/UsersModel.php(60): CodeIgniter\BaseModel->findAll()
#7 /Users/chudphikul/Desktop/moral_obec/kuru/app/Controllers/AdminController.php(1907): App\Models\UsersModel->getUserAllSearch('\xE0\xB8\x99')
#8 /Users/chudphikul/Desktop/moral_obec/kuru/system/CodeIgniter.php(927): App\Controllers\AdminController->Find_User_Ajax()
#9 /Users/chudphikul/Desktop/moral_obec/kuru/system/CodeIgniter.php(482): CodeIgniter\CodeIgniter->runController(Object(App\Controllers\AdminController))
#10 /Users/chudphikul/Desktop/moral_obec/kuru/system/CodeIgniter.php(351): CodeIgniter\CodeIgniter->handleRequest(NULL, Object(Config\Cache), false)
#11 /Users/chudphikul/Desktop/moral_obec/kuru/public/index.php(67): CodeIgniter\CodeIgniter->run()
#12 /Users/chudphikul/Desktop/moral_obec/kuru/system/Commands/Server/rewrite.php(46): require_once('/Users/chudphik...')
#13 {main}
CRITICAL - 2023-01-07 09:04:54 --> Unknown column 'username' in 'where clause'
in SYSTEMPATH/Database/MySQLi/Connection.php on line 292.
 1 SYSTEMPATH/Database/MySQLi/Connection.php(292): mysqli->query('SELECT `user`.*, `area`.*, `school`.*, (user.user_id) as user_id, CONCAT(user.user_prefix, `user_fname`, " ", user.user_lname) As username
FROM `user`
LEFT JOIN `area` ON `area`.`area_code`=`user`.`user_area`
LEFT JOIN `school` ON `school`.`sch_id`=`user`.`sch_id`
WHERE `username` like \'%น%\'', 0)
 2 SYSTEMPATH/Database/BaseConnection.php(666): CodeIgniter\Database\MySQLi\Connection->execute('SELECT `user`.*, `area`.*, `school`.*, (user.user_id) as user_id, CONCAT(user.user_prefix, `user_fname`, " ", user.user_lname) As username
FROM `user`
LEFT JOIN `area` ON `area`.`area_code`=`user`.`user_area`
LEFT JOIN `school` ON `school`.`sch_id`=`user`.`sch_id`
WHERE `username` like \'%น%\'')
 3 SYSTEMPATH/Database/BaseConnection.php(593): CodeIgniter\Database\BaseConnection->simpleQuery('SELECT `user`.*, `area`.*, `school`.*, (user.user_id) as user_id, CONCAT(user.user_prefix, `user_fname`, " ", user.user_lname) As username
FROM `user`
LEFT JOIN `area` ON `area`.`area_code`=`user`.`user_area`
LEFT JOIN `school` ON `school`.`sch_id`=`user`.`sch_id`
WHERE `username` like \'%น%\'')
 4 SYSTEMPATH/Database/BaseBuilder.php(1585): CodeIgniter\Database\BaseConnection->query('SELECT `user`.*, `area`.*, `school`.*, (user.user_id) as user_id, CONCAT(user.user_prefix, `user_fname`, " ", user.user_lname) As username
FROM `user`
LEFT JOIN `area` ON `area`.`area_code`=`user`.`user_area`
LEFT JOIN `school` ON `school`.`sch_id`=`user`.`sch_id`
WHERE `username` like \'%น%\'', [], false)
 5 SYSTEMPATH/Model.php(223): CodeIgniter\Database\BaseBuilder->get()
 6 SYSTEMPATH/BaseModel.php(585): CodeIgniter\Model->doFindAll(0, 0)
 7 APPPATH/Models/UsersModel.php(60): CodeIgniter\BaseModel->findAll()
 8 APPPATH/Controllers/AdminController.php(1907): App\Models\UsersModel->getUserAllSearch('น')
 9 SYSTEMPATH/CodeIgniter.php(927): App\Controllers\AdminController->Find_User_Ajax()
10 SYSTEMPATH/CodeIgniter.php(482): CodeIgniter\CodeIgniter->runController(Object(App\Controllers\AdminController))
11 SYSTEMPATH/CodeIgniter.php(351): CodeIgniter\CodeIgniter->handleRequest(null, Object(Config\Cache), false)
12 FCPATH/index.php(67): CodeIgniter\CodeIgniter->run()
13 SYSTEMPATH/Commands/Server/rewrite.php(46): require_once('FCPATH/index.php')
ERROR - 2023-01-07 09:05:30 --> mysqli_sql_exception: Unknown column 'username' in 'where clause' in /Users/chudphikul/Desktop/moral_obec/kuru/system/Database/MySQLi/Connection.php:292
Stack trace:
#0 /Users/chudphikul/Desktop/moral_obec/kuru/system/Database/MySQLi/Connection.php(292): mysqli->query('SELECT `user`.*...', 0)
#1 /Users/chudphikul/Desktop/moral_obec/kuru/system/Database/BaseConnection.php(666): CodeIgniter\Database\MySQLi\Connection->execute('SELECT `user`.*...')
#2 /Users/chudphikul/Desktop/moral_obec/kuru/system/Database/BaseConnection.php(593): CodeIgniter\Database\BaseConnection->simpleQuery('SELECT `user`.*...')
#3 /Users/chudphikul/Desktop/moral_obec/kuru/system/Database/BaseBuilder.php(1585): CodeIgniter\Database\BaseConnection->query('SELECT `user`.*...', Array, false)
#4 /Users/chudphikul/Desktop/moral_obec/kuru/system/Model.php(223): CodeIgniter\Database\BaseBuilder->get()
#5 /Users/chudphikul/Desktop/moral_obec/kuru/system/BaseModel.php(585): CodeIgniter\Model->doFindAll(0, 0)
#6 /Users/chudphikul/Desktop/moral_obec/kuru/app/Models/UsersModel.php(60): CodeIgniter\BaseModel->findAll()
#7 /Users/chudphikul/Desktop/moral_obec/kuru/app/Controllers/AdminController.php(1907): App\Models\UsersModel->getUserAllSearch('\xE0\xB8\x99')
#8 /Users/chudphikul/Desktop/moral_obec/kuru/system/CodeIgniter.php(927): App\Controllers\AdminController->Find_User_Ajax()
#9 /Users/chudphikul/Desktop/moral_obec/kuru/system/CodeIgniter.php(482): CodeIgniter\CodeIgniter->runController(Object(App\Controllers\AdminController))
#10 /Users/chudphikul/Desktop/moral_obec/kuru/system/CodeIgniter.php(351): CodeIgniter\CodeIgniter->handleRequest(NULL, Object(Config\Cache), false)
#11 /Users/chudphikul/Desktop/moral_obec/kuru/public/index.php(67): CodeIgniter\CodeIgniter->run()
#12 /Users/chudphikul/Desktop/moral_obec/kuru/system/Commands/Server/rewrite.php(46): require_once('/Users/chudphik...')
#13 {main}
CRITICAL - 2023-01-07 09:05:30 --> Unknown column 'username' in 'where clause'
in SYSTEMPATH/Database/MySQLi/Connection.php on line 292.
 1 SYSTEMPATH/Database/MySQLi/Connection.php(292): mysqli->query('SELECT `user`.*, `area`.*, `school`.*, (user.user_id) as user_id, CONCAT(user.user_prefix, `user_fname`, " ", user.user_lname) As username
FROM `user`
LEFT JOIN `area` ON `area`.`area_code`=`user`.`user_area`
LEFT JOIN `school` ON `school`.`sch_id`=`user`.`sch_id`
WHERE `username` like \'%น%\'', 0)
 2 SYSTEMPATH/Database/BaseConnection.php(666): CodeIgniter\Database\MySQLi\Connection->execute('SELECT `user`.*, `area`.*, `school`.*, (user.user_id) as user_id, CONCAT(user.user_prefix, `user_fname`, " ", user.user_lname) As username
FROM `user`
LEFT JOIN `area` ON `area`.`area_code`=`user`.`user_area`
LEFT JOIN `school` ON `school`.`sch_id`=`user`.`sch_id`
WHERE `username` like \'%น%\'')
 3 SYSTEMPATH/Database/BaseConnection.php(593): CodeIgniter\Database\BaseConnection->simpleQuery('SELECT `user`.*, `area`.*, `school`.*, (user.user_id) as user_id, CONCAT(user.user_prefix, `user_fname`, " ", user.user_lname) As username
FROM `user`
LEFT JOIN `area` ON `area`.`area_code`=`user`.`user_area`
LEFT JOIN `school` ON `school`.`sch_id`=`user`.`sch_id`
WHERE `username` like \'%น%\'')
 4 SYSTEMPATH/Database/BaseBuilder.php(1585): CodeIgniter\Database\BaseConnection->query('SELECT `user`.*, `area`.*, `school`.*, (user.user_id) as user_id, CONCAT(user.user_prefix, `user_fname`, " ", user.user_lname) As username
FROM `user`
LEFT JOIN `area` ON `area`.`area_code`=`user`.`user_area`
LEFT JOIN `school` ON `school`.`sch_id`=`user`.`sch_id`
WHERE `username` like \'%น%\'', [], false)
 5 SYSTEMPATH/Model.php(223): CodeIgniter\Database\BaseBuilder->get()
 6 SYSTEMPATH/BaseModel.php(585): CodeIgniter\Model->doFindAll(0, 0)
 7 APPPATH/Models/UsersModel.php(60): CodeIgniter\BaseModel->findAll()
 8 APPPATH/Controllers/AdminController.php(1907): App\Models\UsersModel->getUserAllSearch('น')
 9 SYSTEMPATH/CodeIgniter.php(927): App\Controllers\AdminController->Find_User_Ajax()
10 SYSTEMPATH/CodeIgniter.php(482): CodeIgniter\CodeIgniter->runController(Object(App\Controllers\AdminController))
11 SYSTEMPATH/CodeIgniter.php(351): CodeIgniter\CodeIgniter->handleRequest(null, Object(Config\Cache), false)
12 FCPATH/index.php(67): CodeIgniter\CodeIgniter->run()
13 SYSTEMPATH/Commands/Server/rewrite.php(46): require_once('FCPATH/index.php')
ERROR - 2023-01-07 09:07:51 --> mysqli_sql_exception: You have an error in your SQL syntax; check the manual that corresponds to your MariaDB server version for the right syntax to use near ':0:
AND 1 = :1:
AND 2 = :2:
AND 3 = :3:' at line 5 in /Users/chudphikul/Desktop/moral_obec/kuru/system/Database/MySQLi/Connection.php:292
Stack trace:
#0 /Users/chudphikul/Desktop/moral_obec/kuru/system/Database/MySQLi/Connection.php(292): mysqli->query('SELECT `user`.*...', 0)
#1 /Users/chudphikul/Desktop/moral_obec/kuru/system/Database/BaseConnection.php(666): CodeIgniter\Database\MySQLi\Connection->execute('SELECT `user`.*...')
#2 /Users/chudphikul/Desktop/moral_obec/kuru/system/Database/BaseConnection.php(593): CodeIgniter\Database\BaseConnection->simpleQuery('SELECT `user`.*...')
#3 /Users/chudphikul/Desktop/moral_obec/kuru/system/Database/BaseBuilder.php(1585): CodeIgniter\Database\BaseConnection->query('SELECT `user`.*...', Array, false)
#4 /Users/chudphikul/Desktop/moral_obec/kuru/system/Model.php(223): CodeIgniter\Database\BaseBuilder->get()
#5 /Users/chudphikul/Desktop/moral_obec/kuru/system/BaseModel.php(585): CodeIgniter\Model->doFindAll(0, 0)
#6 /Users/chudphikul/Desktop/moral_obec/kuru/app/Models/UsersModel.php(65): CodeIgniter\BaseModel->findAll()
#7 /Users/chudphikul/Desktop/moral_obec/kuru/app/Controllers/AdminController.php(1907): App\Models\UsersModel->getUserAllSearch('o')
#8 /Users/chudphikul/Desktop/moral_obec/kuru/system/CodeIgniter.php(927): App\Controllers\AdminController->Find_User_Ajax()
#9 /Users/chudphikul/Desktop/moral_obec/kuru/system/CodeIgniter.php(482): CodeIgniter\CodeIgniter->runController(Object(App\Controllers\AdminController))
#10 /Users/chudphikul/Desktop/moral_obec/kuru/system/CodeIgniter.php(351): CodeIgniter\CodeIgniter->handleRequest(NULL, Object(Config\Cache), false)
#11 /Users/chudphikul/Desktop/moral_obec/kuru/public/index.php(67): CodeIgniter\CodeIgniter->run()
#12 /Users/chudphikul/Desktop/moral_obec/kuru/system/Commands/Server/rewrite.php(46): require_once('/Users/chudphik...')
#13 {main}
CRITICAL - 2023-01-07 09:07:51 --> You have an error in your SQL syntax; check the manual that corresponds to your MariaDB server version for the right syntax to use near ':0:
AND 1 = :1:
AND 2 = :2:
AND 3 = :3:' at line 5
in SYSTEMPATH/Database/MySQLi/Connection.php on line 292.
 1 SYSTEMPATH/Database/MySQLi/Connection.php(292): mysqli->query('SELECT `user`.*, `area`.*, `school`.*, (user.user_id) as user_id, CONCAT(user.user_prefix, `user_fname`, " ", user.user_lname) As username
FROM `user`
LEFT JOIN `area` ON `area`.`area_code`=`user`.`user_area`
LEFT JOIN `school` ON `school`.`sch_id`=`user`.`sch_id`
WHERE 0 = :0:
AND 1 = :1:
AND 2 = :2:
AND 3 = :3:', 0)
 2 SYSTEMPATH/Database/BaseConnection.php(666): CodeIgniter\Database\MySQLi\Connection->execute('SELECT `user`.*, `area`.*, `school`.*, (user.user_id) as user_id, CONCAT(user.user_prefix, `user_fname`, " ", user.user_lname) As username
FROM `user`
LEFT JOIN `area` ON `area`.`area_code`=`user`.`user_area`
LEFT JOIN `school` ON `school`.`sch_id`=`user`.`sch_id`
WHERE 0 = :0:
AND 1 = :1:
AND 2 = :2:
AND 3 = :3:')
 3 SYSTEMPATH/Database/BaseConnection.php(593): CodeIgniter\Database\BaseConnection->simpleQuery('SELECT `user`.*, `area`.*, `school`.*, (user.user_id) as user_id, CONCAT(user.user_prefix, `user_fname`, " ", user.user_lname) As username
FROM `user`
LEFT JOIN `area` ON `area`.`area_code`=`user`.`user_area`
LEFT JOIN `school` ON `school`.`sch_id`=`user`.`sch_id`
WHERE 0 = :0:
AND 1 = :1:
AND 2 = :2:
AND 3 = :3:')
 4 SYSTEMPATH/Database/BaseBuilder.php(1585): CodeIgniter\Database\BaseConnection->query('SELECT `user`.*, `area`.*, `school`.*, (user.user_id) as user_id, CONCAT(user.user_prefix, `user_fname`, " ", user.user_lname) As username
FROM `user`
LEFT JOIN `area` ON `area`.`area_code`=`user`.`user_area`
LEFT JOIN `school` ON `school`.`sch_id`=`user`.`sch_id`
WHERE 0 = :0:
AND 1 = :1:
AND 2 = :2:
AND 3 = :3:', [...], false)
 5 SYSTEMPATH/Model.php(223): CodeIgniter\Database\BaseBuilder->get()
 6 SYSTEMPATH/BaseModel.php(585): CodeIgniter\Model->doFindAll(0, 0)
 7 APPPATH/Models/UsersModel.php(65): CodeIgniter\BaseModel->findAll()
 8 APPPATH/Controllers/AdminController.php(1907): App\Models\UsersModel->getUserAllSearch('o')
 9 SYSTEMPATH/CodeIgniter.php(927): App\Controllers\AdminController->Find_User_Ajax()
10 SYSTEMPATH/CodeIgniter.php(482): CodeIgniter\CodeIgniter->runController(Object(App\Controllers\AdminController))
11 SYSTEMPATH/CodeIgniter.php(351): CodeIgniter\CodeIgniter->handleRequest(null, Object(Config\Cache), false)
12 FCPATH/index.php(67): CodeIgniter\CodeIgniter->run()
13 SYSTEMPATH/Commands/Server/rewrite.php(46): require_once('FCPATH/index.php')
ERROR - 2023-01-07 09:07:58 --> mysqli_sql_exception: You have an error in your SQL syntax; check the manual that corresponds to your MariaDB server version for the right syntax to use near ':0:
AND 1 = :1:
AND 2 = :2:
AND 3 = :3:' at line 5 in /Users/chudphikul/Desktop/moral_obec/kuru/system/Database/MySQLi/Connection.php:292
Stack trace:
#0 /Users/chudphikul/Desktop/moral_obec/kuru/system/Database/MySQLi/Connection.php(292): mysqli->query('SELECT `user`.*...', 0)
#1 /Users/chudphikul/Desktop/moral_obec/kuru/system/Database/BaseConnection.php(666): CodeIgniter\Database\MySQLi\Connection->execute('SELECT `user`.*...')
#2 /Users/chudphikul/Desktop/moral_obec/kuru/system/Database/BaseConnection.php(593): CodeIgniter\Database\BaseConnection->simpleQuery('SELECT `user`.*...')
#3 /Users/chudphikul/Desktop/moral_obec/kuru/system/Database/BaseBuilder.php(1585): CodeIgniter\Database\BaseConnection->query('SELECT `user`.*...', Array, false)
#4 /Users/chudphikul/Desktop/moral_obec/kuru/system/Model.php(223): CodeIgniter\Database\BaseBuilder->get()
#5 /Users/chudphikul/Desktop/moral_obec/kuru/system/BaseModel.php(585): CodeIgniter\Model->doFindAll(0, 0)
#6 /Users/chudphikul/Desktop/moral_obec/kuru/app/Models/UsersModel.php(65): CodeIgniter\BaseModel->findAll()
#7 /Users/chudphikul/Desktop/moral_obec/kuru/app/Controllers/AdminController.php(1907): App\Models\UsersModel->getUserAllSearch('\xE0\xB8\x99')
#8 /Users/chudphikul/Desktop/moral_obec/kuru/system/CodeIgniter.php(927): App\Controllers\AdminController->Find_User_Ajax()
#9 /Users/chudphikul/Desktop/moral_obec/kuru/system/CodeIgniter.php(482): CodeIgniter\CodeIgniter->runController(Object(App\Controllers\AdminController))
#10 /Users/chudphikul/Desktop/moral_obec/kuru/system/CodeIgniter.php(351): CodeIgniter\CodeIgniter->handleRequest(NULL, Object(Config\Cache), false)
#11 /Users/chudphikul/Desktop/moral_obec/kuru/public/index.php(67): CodeIgniter\CodeIgniter->run()
#12 /Users/chudphikul/Desktop/moral_obec/kuru/system/Commands/Server/rewrite.php(46): require_once('/Users/chudphik...')
#13 {main}
CRITICAL - 2023-01-07 09:07:58 --> You have an error in your SQL syntax; check the manual that corresponds to your MariaDB server version for the right syntax to use near ':0:
AND 1 = :1:
AND 2 = :2:
AND 3 = :3:' at line 5
in SYSTEMPATH/Database/MySQLi/Connection.php on line 292.
 1 SYSTEMPATH/Database/MySQLi/Connection.php(292): mysqli->query('SELECT `user`.*, `area`.*, `school`.*, (user.user_id) as user_id, CONCAT(user.user_prefix, `user_fname`, " ", user.user_lname) As username
FROM `user`
LEFT JOIN `area` ON `area`.`area_code`=`user`.`user_area`
LEFT JOIN `school` ON `school`.`sch_id`=`user`.`sch_id`
WHERE 0 = :0:
AND 1 = :1:
AND 2 = :2:
AND 3 = :3:', 0)
 2 SYSTEMPATH/Database/BaseConnection.php(666): CodeIgniter\Database\MySQLi\Connection->execute('SELECT `user`.*, `area`.*, `school`.*, (user.user_id) as user_id, CONCAT(user.user_prefix, `user_fname`, " ", user.user_lname) As username
FROM `user`
LEFT JOIN `area` ON `area`.`area_code`=`user`.`user_area`
LEFT JOIN `school` ON `school`.`sch_id`=`user`.`sch_id`
WHERE 0 = :0:
AND 1 = :1:
AND 2 = :2:
AND 3 = :3:')
 3 SYSTEMPATH/Database/BaseConnection.php(593): CodeIgniter\Database\BaseConnection->simpleQuery('SELECT `user`.*, `area`.*, `school`.*, (user.user_id) as user_id, CONCAT(user.user_prefix, `user_fname`, " ", user.user_lname) As username
FROM `user`
LEFT JOIN `area` ON `area`.`area_code`=`user`.`user_area`
LEFT JOIN `school` ON `school`.`sch_id`=`user`.`sch_id`
WHERE 0 = :0:
AND 1 = :1:
AND 2 = :2:
AND 3 = :3:')
 4 SYSTEMPATH/Database/BaseBuilder.php(1585): CodeIgniter\Database\BaseConnection->query('SELECT `user`.*, `area`.*, `school`.*, (user.user_id) as user_id, CONCAT(user.user_prefix, `user_fname`, " ", user.user_lname) As username
FROM `user`
LEFT JOIN `area` ON `area`.`area_code`=`user`.`user_area`
LEFT JOIN `school` ON `school`.`sch_id`=`user`.`sch_id`
WHERE 0 = :0:
AND 1 = :1:
AND 2 = :2:
AND 3 = :3:', [...], false)
 5 SYSTEMPATH/Model.php(223): CodeIgniter\Database\BaseBuilder->get()
 6 SYSTEMPATH/BaseModel.php(585): CodeIgniter\Model->doFindAll(0, 0)
 7 APPPATH/Models/UsersModel.php(65): CodeIgniter\BaseModel->findAll()
 8 APPPATH/Controllers/AdminController.php(1907): App\Models\UsersModel->getUserAllSearch('น')
 9 SYSTEMPATH/CodeIgniter.php(927): App\Controllers\AdminController->Find_User_Ajax()
10 SYSTEMPATH/CodeIgniter.php(482): CodeIgniter\CodeIgniter->runController(Object(App\Controllers\AdminController))
11 SYSTEMPATH/CodeIgniter.php(351): CodeIgniter\CodeIgniter->handleRequest(null, Object(Config\Cache), false)
12 FCPATH/index.php(67): CodeIgniter\CodeIgniter->run()
13 SYSTEMPATH/Commands/Server/rewrite.php(46): require_once('FCPATH/index.php')
ERROR - 2023-01-07 09:11:12 --> mysqli_sql_exception: Unknown column 'username' in 'where clause' in /Users/chudphikul/Desktop/moral_obec/kuru/system/Database/MySQLi/Connection.php:292
Stack trace:
#0 /Users/chudphikul/Desktop/moral_obec/kuru/system/Database/MySQLi/Connection.php(292): mysqli->query('SELECT `user`.*...', 0)
#1 /Users/chudphikul/Desktop/moral_obec/kuru/system/Database/BaseConnection.php(666): CodeIgniter\Database\MySQLi\Connection->execute('SELECT `user`.*...')
#2 /Users/chudphikul/Desktop/moral_obec/kuru/system/Database/BaseConnection.php(593): CodeIgniter\Database\BaseConnection->simpleQuery('SELECT `user`.*...')
#3 /Users/chudphikul/Desktop/moral_obec/kuru/system/Database/BaseBuilder.php(1585): CodeIgniter\Database\BaseConnection->query('SELECT `user`.*...', Array, false)
#4 /Users/chudphikul/Desktop/moral_obec/kuru/system/Model.php(223): CodeIgniter\Database\BaseBuilder->get()
#5 /Users/chudphikul/Desktop/moral_obec/kuru/system/BaseModel.php(585): CodeIgniter\Model->doFindAll(0, 0)
#6 /Users/chudphikul/Desktop/moral_obec/kuru/app/Models/UsersModel.php(59): CodeIgniter\BaseModel->findAll()
#7 /Users/chudphikul/Desktop/moral_obec/kuru/app/Controllers/AdminController.php(1907): App\Models\UsersModel->getUserAllSearch('\xE0\xB8\xAA')
#8 /Users/chudphikul/Desktop/moral_obec/kuru/system/CodeIgniter.php(927): App\Controllers\AdminController->Find_User_Ajax()
#9 /Users/chudphikul/Desktop/moral_obec/kuru/system/CodeIgniter.php(482): CodeIgniter\CodeIgniter->runController(Object(App\Controllers\AdminController))
#10 /Users/chudphikul/Desktop/moral_obec/kuru/system/CodeIgniter.php(351): CodeIgniter\CodeIgniter->handleRequest(NULL, Object(Config\Cache), false)
#11 /Users/chudphikul/Desktop/moral_obec/kuru/public/index.php(67): CodeIgniter\CodeIgniter->run()
#12 /Users/chudphikul/Desktop/moral_obec/kuru/system/Commands/Server/rewrite.php(46): require_once('/Users/chudphik...')
#13 {main}
CRITICAL - 2023-01-07 09:11:12 --> Unknown column 'username' in 'where clause'
in SYSTEMPATH/Database/MySQLi/Connection.php on line 292.
 1 SYSTEMPATH/Database/MySQLi/Connection.php(292): mysqli->query('SELECT `user`.*, `area`.*, `school`.*, (user.user_id) as user_id, CONCAT(user.user_prefix, `user_fname`, " ", user.user_lname) As username
FROM `user`
LEFT JOIN `area` ON `area`.`area_code`=`user`.`user_area`
LEFT JOIN `school` ON `school`.`sch_id`=`user`.`sch_id`
WHERE `username` like \'%ส%\'', 0)
 2 SYSTEMPATH/Database/BaseConnection.php(666): CodeIgniter\Database\MySQLi\Connection->execute('SELECT `user`.*, `area`.*, `school`.*, (user.user_id) as user_id, CONCAT(user.user_prefix, `user_fname`, " ", user.user_lname) As username
FROM `user`
LEFT JOIN `area` ON `area`.`area_code`=`user`.`user_area`
LEFT JOIN `school` ON `school`.`sch_id`=`user`.`sch_id`
WHERE `username` like \'%ส%\'')
 3 SYSTEMPATH/Database/BaseConnection.php(593): CodeIgniter\Database\BaseConnection->simpleQuery('SELECT `user`.*, `area`.*, `school`.*, (user.user_id) as user_id, CONCAT(user.user_prefix, `user_fname`, " ", user.user_lname) As username
FROM `user`
LEFT JOIN `area` ON `area`.`area_code`=`user`.`user_area`
LEFT JOIN `school` ON `school`.`sch_id`=`user`.`sch_id`
WHERE `username` like \'%ส%\'')
 4 SYSTEMPATH/Database/BaseBuilder.php(1585): CodeIgniter\Database\BaseConnection->query('SELECT `user`.*, `area`.*, `school`.*, (user.user_id) as user_id, CONCAT(user.user_prefix, `user_fname`, " ", user.user_lname) As username
FROM `user`
LEFT JOIN `area` ON `area`.`area_code`=`user`.`user_area`
LEFT JOIN `school` ON `school`.`sch_id`=`user`.`sch_id`
WHERE `username` like \'%ส%\'', [], false)
 5 SYSTEMPATH/Model.php(223): CodeIgniter\Database\BaseBuilder->get()
 6 SYSTEMPATH/BaseModel.php(585): CodeIgniter\Model->doFindAll(0, 0)
 7 APPPATH/Models/UsersModel.php(59): CodeIgniter\BaseModel->findAll()
 8 APPPATH/Controllers/AdminController.php(1907): App\Models\UsersModel->getUserAllSearch('ส')
 9 SYSTEMPATH/CodeIgniter.php(927): App\Controllers\AdminController->Find_User_Ajax()
10 SYSTEMPATH/CodeIgniter.php(482): CodeIgniter\CodeIgniter->runController(Object(App\Controllers\AdminController))
11 SYSTEMPATH/CodeIgniter.php(351): CodeIgniter\CodeIgniter->handleRequest(null, Object(Config\Cache), false)
12 FCPATH/index.php(67): CodeIgniter\CodeIgniter->run()
13 SYSTEMPATH/Commands/Server/rewrite.php(46): require_once('FCPATH/index.php')
ERROR - 2023-01-07 09:14:07 --> mysqli_sql_exception: You have an error in your SQL syntax; check the manual that corresponds to your MariaDB server version for the right syntax to use near '`username` like '%o%'' at line 5 in /Users/chudphikul/Desktop/moral_obec/kuru/system/Database/MySQLi/Connection.php:292
Stack trace:
#0 /Users/chudphikul/Desktop/moral_obec/kuru/system/Database/MySQLi/Connection.php(292): mysqli->query('SELECT `user`.*...', 0)
#1 /Users/chudphikul/Desktop/moral_obec/kuru/system/Database/BaseConnection.php(666): CodeIgniter\Database\MySQLi\Connection->execute('SELECT `user`.*...')
#2 /Users/chudphikul/Desktop/moral_obec/kuru/system/Database/BaseConnection.php(593): CodeIgniter\Database\BaseConnection->simpleQuery('SELECT `user`.*...')
#3 /Users/chudphikul/Desktop/moral_obec/kuru/system/Database/BaseBuilder.php(1585): CodeIgniter\Database\BaseConnection->query('SELECT `user`.*...', Array, false)
#4 /Users/chudphikul/Desktop/moral_obec/kuru/system/Model.php(223): CodeIgniter\Database\BaseBuilder->get()
#5 /Users/chudphikul/Desktop/moral_obec/kuru/system/BaseModel.php(585): CodeIgniter\Model->doFindAll(0, 0)
#6 /Users/chudphikul/Desktop/moral_obec/kuru/app/Models/UsersModel.php(59): CodeIgniter\BaseModel->findAll()
#7 /Users/chudphikul/Desktop/moral_obec/kuru/app/Controllers/AdminController.php(1907): App\Models\UsersModel->getUserAllSearch('o')
#8 /Users/chudphikul/Desktop/moral_obec/kuru/system/CodeIgniter.php(927): App\Controllers\AdminController->Find_User_Ajax()
#9 /Users/chudphikul/Desktop/moral_obec/kuru/system/CodeIgniter.php(482): CodeIgniter\CodeIgniter->runController(Object(App\Controllers\AdminController))
#10 /Users/chudphikul/Desktop/moral_obec/kuru/system/CodeIgniter.php(351): CodeIgniter\CodeIgniter->handleRequest(NULL, Object(Config\Cache), false)
#11 /Users/chudphikul/Desktop/moral_obec/kuru/public/index.php(67): CodeIgniter\CodeIgniter->run()
#12 /Users/chudphikul/Desktop/moral_obec/kuru/system/Commands/Server/rewrite.php(46): require_once('/Users/chudphik...')
#13 {main}
CRITICAL - 2023-01-07 09:14:07 --> You have an error in your SQL syntax; check the manual that corresponds to your MariaDB server version for the right syntax to use near '`username` like '%o%'' at line 5
in SYSTEMPATH/Database/MySQLi/Connection.php on line 292.
 1 SYSTEMPATH/Database/MySQLi/Connection.php(292): mysqli->query('SELECT `user`.*, `area`.*, `school`.*, (user.user_id) as user_id, CONCAT(user.user_prefix, `user_fname`, " ", user.user_lname) As username
FROM `user`
LEFT JOIN `area` ON `area`.`area_code`=`user`.`user_area`
LEFT JOIN `school` ON `school`.`sch_id`=`user`.`sch_id`
WHERE `HAVING` `username` like \'%o%\'', 0)
 2 SYSTEMPATH/Database/BaseConnection.php(666): CodeIgniter\Database\MySQLi\Connection->execute('SELECT `user`.*, `area`.*, `school`.*, (user.user_id) as user_id, CONCAT(user.user_prefix, `user_fname`, " ", user.user_lname) As username
FROM `user`
LEFT JOIN `area` ON `area`.`area_code`=`user`.`user_area`
LEFT JOIN `school` ON `school`.`sch_id`=`user`.`sch_id`
WHERE `HAVING` `username` like \'%o%\'')
 3 SYSTEMPATH/Database/BaseConnection.php(593): CodeIgniter\Database\BaseConnection->simpleQuery('SELECT `user`.*, `area`.*, `school`.*, (user.user_id) as user_id, CONCAT(user.user_prefix, `user_fname`, " ", user.user_lname) As username
FROM `user`
LEFT JOIN `area` ON `area`.`area_code`=`user`.`user_area`
LEFT JOIN `school` ON `school`.`sch_id`=`user`.`sch_id`
WHERE `HAVING` `username` like \'%o%\'')
 4 SYSTEMPATH/Database/BaseBuilder.php(1585): CodeIgniter\Database\BaseConnection->query('SELECT `user`.*, `area`.*, `school`.*, (user.user_id) as user_id, CONCAT(user.user_prefix, `user_fname`, " ", user.user_lname) As username
FROM `user`
LEFT JOIN `area` ON `area`.`area_code`=`user`.`user_area`
LEFT JOIN `school` ON `school`.`sch_id`=`user`.`sch_id`
WHERE `HAVING` `username` like \'%o%\'', [], false)
 5 SYSTEMPATH/Model.php(223): CodeIgniter\Database\BaseBuilder->get()
 6 SYSTEMPATH/BaseModel.php(585): CodeIgniter\Model->doFindAll(0, 0)
 7 APPPATH/Models/UsersModel.php(59): CodeIgniter\BaseModel->findAll()
 8 APPPATH/Controllers/AdminController.php(1907): App\Models\UsersModel->getUserAllSearch('o')
 9 SYSTEMPATH/CodeIgniter.php(927): App\Controllers\AdminController->Find_User_Ajax()
10 SYSTEMPATH/CodeIgniter.php(482): CodeIgniter\CodeIgniter->runController(Object(App\Controllers\AdminController))
11 SYSTEMPATH/CodeIgniter.php(351): CodeIgniter\CodeIgniter->handleRequest(null, Object(Config\Cache), false)
12 FCPATH/index.php(67): CodeIgniter\CodeIgniter->run()
13 SYSTEMPATH/Commands/Server/rewrite.php(46): require_once('FCPATH/index.php')
