CRITICAL - 2022-12-19 14:19:08 --> Undefined offset: 2
in APPPATH/Views/template/sidebar.php on line 32.
 1 APPPATH/Views/template/sidebar.php(32): CodeIgniter\Debug\Exceptions->errorHandler(8, 'Undefined offset: 2', 'APPPATH/Views/template/sidebar.php', 32, [...])
 2 SYSTEMPATH/View/View.php(213): include('APPPATH/Views/template/sidebar.php')
 3 SYSTEMPATH/View/View.php(216): CodeIgniter\View\View->CodeIgniter\View\{closure}()
 4 SYSTEMPATH/Common.php(1134): CodeIgniter\View\View->render('template/sidebar', [], true)
 5 APPPATH/Views/admin/index.php(6): view('template/sidebar')
 6 SYSTEMPATH/View/View.php(213): include('APPPATH/Views/admin/index.php')
 7 SYSTEMPATH/View/View.php(216): CodeIgniter\View\View->CodeIgniter\View\{closure}()
 8 SYSTEMPATH/Common.php(1134): CodeIgniter\View\View->render('admin/index', [], true)
 9 APPPATH/Controllers/AdminController.php(13): view('admin/index', [...])
10 SYSTEMPATH/CodeIgniter.php(927): App\Controllers\AdminController->index()
11 SYSTEMPATH/CodeIgniter.php(482): CodeIgniter\CodeIgniter->runController(Object(App\Controllers\AdminController))
12 SYSTEMPATH/CodeIgniter.php(351): CodeIgniter\CodeIgniter->handleRequest(null, Object(Config\Cache), false)
13 FCPATH/index.php(67): CodeIgniter\CodeIgniter->run()
14 SYSTEMPATH/Commands/Server/rewrite.php(46): require_once('FCPATH/index.php')
CRITICAL - 2022-12-19 14:22:02 --> Undefined offset: 2
in APPPATH/Views/template/sidebar.php on line 36.
 1 APPPATH/Views/template/sidebar.php(36): CodeIgniter\Debug\Exceptions->errorHandler(8, 'Undefined offset: 2', 'APPPATH/Views/template/sidebar.php', 36, [...])
 2 SYSTEMPATH/View/View.php(213): include('APPPATH/Views/template/sidebar.php')
 3 SYSTEMPATH/View/View.php(216): CodeIgniter\View\View->CodeIgniter\View\{closure}()
 4 SYSTEMPATH/Common.php(1134): CodeIgniter\View\View->render('template/sidebar', [], true)
 5 APPPATH/Views/admin/index.php(6): view('template/sidebar')
 6 SYSTEMPATH/View/View.php(213): include('APPPATH/Views/admin/index.php')
 7 SYSTEMPATH/View/View.php(216): CodeIgniter\View\View->CodeIgniter\View\{closure}()
 8 SYSTEMPATH/Common.php(1134): CodeIgniter\View\View->render('admin/index', [], true)
 9 APPPATH/Controllers/AdminController.php(13): view('admin/index', [...])
10 SYSTEMPATH/CodeIgniter.php(927): App\Controllers\AdminController->index()
11 SYSTEMPATH/CodeIgniter.php(482): CodeIgniter\CodeIgniter->runController(Object(App\Controllers\AdminController))
12 SYSTEMPATH/CodeIgniter.php(351): CodeIgniter\CodeIgniter->handleRequest(null, Object(Config\Cache), false)
13 FCPATH/index.php(67): CodeIgniter\CodeIgniter->run()
14 SYSTEMPATH/Commands/Server/rewrite.php(46): require_once('FCPATH/index.php')
CRITICAL - 2022-12-19 14:27:44 --> Undefined variable: segments
in APPPATH/Views/template/sidebar.php on line 53.
 1 APPPATH/Views/template/sidebar.php(53): CodeIgniter\Debug\Exceptions->errorHandler(8, 'Undefined variable: segments', 'APPPATH/Views/template/sidebar.php', 53, [...])
 2 SYSTEMPATH/View/View.php(213): include('APPPATH/Views/template/sidebar.php')
 3 SYSTEMPATH/View/View.php(216): CodeIgniter\View\View->CodeIgniter\View\{closure}()
 4 SYSTEMPATH/Common.php(1134): CodeIgniter\View\View->render('template/sidebar', [], true)
 5 APPPATH/Views/admin/index.php(6): view('template/sidebar')
 6 SYSTEMPATH/View/View.php(213): include('APPPATH/Views/admin/index.php')
 7 SYSTEMPATH/View/View.php(216): CodeIgniter\View\View->CodeIgniter\View\{closure}()
 8 SYSTEMPATH/Common.php(1134): CodeIgniter\View\View->render('admin/index', [], true)
 9 APPPATH/Controllers/AdminController.php(13): view('admin/index', [...])
10 SYSTEMPATH/CodeIgniter.php(927): App\Controllers\AdminController->index()
11 SYSTEMPATH/CodeIgniter.php(482): CodeIgniter\CodeIgniter->runController(Object(App\Controllers\AdminController))
12 SYSTEMPATH/CodeIgniter.php(351): CodeIgniter\CodeIgniter->handleRequest(null, Object(Config\Cache), false)
13 FCPATH/index.php(67): CodeIgniter\CodeIgniter->run()
14 SYSTEMPATH/Commands/Server/rewrite.php(46): require_once('FCPATH/index.php')
CRITICAL - 2022-12-19 15:08:25 --> Undefined property: CodeIgniter\View\View::$session
in APPPATH/Views/template/navbar/navbar_admin.php on line 18.
 1 APPPATH/Views/template/navbar/navbar_admin.php(18): CodeIgniter\Debug\Exceptions->errorHandler(8, 'Undefined property: CodeIgniter\\View\\View::$session', 'APPPATH/Views/template/navbar/navbar_admin.php', 18, [...])
 2 SYSTEMPATH/View/View.php(213): include('APPPATH/Views/template/navbar/navbar_admin.php')
 3 SYSTEMPATH/View/View.php(216): CodeIgniter\View\View->CodeIgniter\View\{closure}()
 4 SYSTEMPATH/Common.php(1134): CodeIgniter\View\View->render('template/navbar/navbar_admin', [], true)
 5 APPPATH/Views/admin/dashboard.php(4): view('template/navbar/navbar_admin')
 6 SYSTEMPATH/View/View.php(213): include('APPPATH/Views/admin/dashboard.php')
 7 SYSTEMPATH/View/View.php(216): CodeIgniter\View\View->CodeIgniter\View\{closure}()
 8 SYSTEMPATH/Common.php(1134): CodeIgniter\View\View->render('admin/dashboard', [], true)
 9 APPPATH/Controllers/AdminController.php(13): view('admin/dashboard', [...])
10 SYSTEMPATH/CodeIgniter.php(927): App\Controllers\AdminController->index()
11 SYSTEMPATH/CodeIgniter.php(482): CodeIgniter\CodeIgniter->runController(Object(App\Controllers\AdminController))
12 SYSTEMPATH/CodeIgniter.php(351): CodeIgniter\CodeIgniter->handleRequest(null, Object(Config\Cache), false)
13 FCPATH/index.php(67): CodeIgniter\CodeIgniter->run()
14 SYSTEMPATH/Commands/Server/rewrite.php(46): require_once('FCPATH/index.php')
CRITICAL - 2022-12-19 15:17:15 --> Undefined property: CodeIgniter\View\View::$session
in APPPATH/Views/template/navbar/navbar_admin.php on line 18.
 1 APPPATH/Views/template/navbar/navbar_admin.php(18): CodeIgniter\Debug\Exceptions->errorHandler(8, 'Undefined property: CodeIgniter\\View\\View::$session', 'APPPATH/Views/template/navbar/navbar_admin.php', 18, [...])
 2 SYSTEMPATH/View/View.php(213): include('APPPATH/Views/template/navbar/navbar_admin.php')
 3 SYSTEMPATH/View/View.php(216): CodeIgniter\View\View->CodeIgniter\View\{closure}()
 4 SYSTEMPATH/Common.php(1134): CodeIgniter\View\View->render('template/navbar/navbar_admin', [], true)
 5 APPPATH/Views/admin/dashboard.php(4): view('template/navbar/navbar_admin')
 6 SYSTEMPATH/View/View.php(213): include('APPPATH/Views/admin/dashboard.php')
 7 SYSTEMPATH/View/View.php(216): CodeIgniter\View\View->CodeIgniter\View\{closure}()
 8 SYSTEMPATH/Common.php(1134): CodeIgniter\View\View->render('admin/dashboard', [], true)
 9 APPPATH/Controllers/AdminController.php(13): view('admin/dashboard', [...])
10 SYSTEMPATH/CodeIgniter.php(927): App\Controllers\AdminController->index()
11 SYSTEMPATH/CodeIgniter.php(482): CodeIgniter\CodeIgniter->runController(Object(App\Controllers\AdminController))
12 SYSTEMPATH/CodeIgniter.php(351): CodeIgniter\CodeIgniter->handleRequest(null, Object(Config\Cache), false)
13 FCPATH/index.php(67): CodeIgniter\CodeIgniter->run()
14 SYSTEMPATH/Commands/Server/rewrite.php(46): require_once('FCPATH/index.php')
CRITICAL - 2022-12-19 15:21:49 --> Undefined property: CodeIgniter\View\View::$session
in APPPATH/Views/template/navbar/navbar_admin.php on line 18.
 1 APPPATH/Views/template/navbar/navbar_admin.php(18): CodeIgniter\Debug\Exceptions->errorHandler(8, 'Undefined property: CodeIgniter\\View\\View::$session', 'APPPATH/Views/template/navbar/navbar_admin.php', 18, [...])
 2 SYSTEMPATH/View/View.php(213): include('APPPATH/Views/template/navbar/navbar_admin.php')
 3 SYSTEMPATH/View/View.php(216): CodeIgniter\View\View->CodeIgniter\View\{closure}()
 4 SYSTEMPATH/Common.php(1134): CodeIgniter\View\View->render('template/navbar/navbar_admin', [], true)
 5 APPPATH/Views/admin/dashboard.php(4): view('template/navbar/navbar_admin')
 6 SYSTEMPATH/View/View.php(213): include('APPPATH/Views/admin/dashboard.php')
 7 SYSTEMPATH/View/View.php(216): CodeIgniter\View\View->CodeIgniter\View\{closure}()
 8 SYSTEMPATH/Common.php(1134): CodeIgniter\View\View->render('admin/dashboard', [], true)
 9 APPPATH/Controllers/AdminController.php(13): view('admin/dashboard', [...])
10 SYSTEMPATH/CodeIgniter.php(927): App\Controllers\AdminController->index()
11 SYSTEMPATH/CodeIgniter.php(482): CodeIgniter\CodeIgniter->runController(Object(App\Controllers\AdminController))
12 SYSTEMPATH/CodeIgniter.php(351): CodeIgniter\CodeIgniter->handleRequest(null, Object(Config\Cache), false)
13 FCPATH/index.php(67): CodeIgniter\CodeIgniter->run()
14 SYSTEMPATH/Commands/Server/rewrite.php(46): require_once('FCPATH/index.php')
