CRITICAL - 2022-11-10 00:42:14 --> syntax error, unexpected end of file, expecting ';' or ','
in APPPATH/Views/dashboard/index.php on line 1276.
 1 SYSTEMPATH/View/View.php(216): CodeIgniter\View\View->CodeIgniter\View\{closure}()
 2 SYSTEMPATH/Common.php(1134): CodeIgniter\View\View->render()
 3 APPPATH/Controllers/Dashboard.php(11): view()
 4 SYSTEMPATH/CodeIgniter.php(927): App\Controllers\Dashboard->index()
 5 SYSTEMPATH/CodeIgniter.php(482): CodeIgniter\CodeIgniter->runController()
 6 SYSTEMPATH/CodeIgniter.php(351): CodeIgniter\CodeIgniter->handleRequest()
 7 FCPATH/index.php(67): CodeIgniter\CodeIgniter->run()
CRITICAL - 2022-11-10 21:39:14 --> require(/usr/home/moral/public_html/kuru/app/Router/routes_obec.php): failed to open stream: No such file or directory
in APPPATH/Config/Routes.php on line 38.
 1 APPPATH/Config/Routes.php(38): CodeIgniter\Debug\Exceptions->errorHandler()
 2 APPPATH/Config/Routes.php(38): require()
 3 SYSTEMPATH/Router/RouteCollection.php(645): CodeIgniter\CodeIgniter->Config\{closure}()
 4 APPPATH/Config/Routes.php(39): CodeIgniter\Router\RouteCollection->group()
 5 SYSTEMPATH/CodeIgniter.php(789): require('APPPATH/Config/Routes.php')
 6 SYSTEMPATH/CodeIgniter.php(430): CodeIgniter\CodeIgniter->tryToRouteIt()
 7 SYSTEMPATH/CodeIgniter.php(351): CodeIgniter\CodeIgniter->handleRequest()
 8 FCPATH/index.php(67): CodeIgniter\CodeIgniter->run()
CRITICAL - 2022-11-10 21:40:46 --> Undefined index: role
in APPPATH/Controllers/Login.php on line 31.
 1 APPPATH/Controllers/Login.php(31): CodeIgniter\Debug\Exceptions->errorHandler()
 2 SYSTEMPATH/CodeIgniter.php(927): App\Controllers\Login->auth()
 3 SYSTEMPATH/CodeIgniter.php(482): CodeIgniter\CodeIgniter->runController()
 4 SYSTEMPATH/CodeIgniter.php(351): CodeIgniter\CodeIgniter->handleRequest()
 5 FCPATH/index.php(67): CodeIgniter\CodeIgniter->run()
CRITICAL - 2022-11-10 21:41:25 --> Undefined index: role
in APPPATH/Controllers/Login.php on line 31.
 1 APPPATH/Controllers/Login.php(31): CodeIgniter\Debug\Exceptions->errorHandler()
 2 SYSTEMPATH/CodeIgniter.php(927): App\Controllers\Login->auth()
 3 SYSTEMPATH/CodeIgniter.php(482): CodeIgniter\CodeIgniter->runController()
 4 SYSTEMPATH/CodeIgniter.php(351): CodeIgniter\CodeIgniter->handleRequest()
 5 FCPATH/index.php(67): CodeIgniter\CodeIgniter->run()
CRITICAL - 2022-11-10 21:58:23 --> Class 'App\Filters\AuthSchool' not found
in SYSTEMPATH/Filters/Filters.php on line 166.
 1 SYSTEMPATH/CodeIgniter.php(455): CodeIgniter\Filters\Filters->run()
 2 SYSTEMPATH/CodeIgniter.php(351): CodeIgniter\CodeIgniter->handleRequest()
 3 FCPATH/index.php(67): CodeIgniter\CodeIgniter->run()
CRITICAL - 2022-11-10 22:00:02 --> Invalid file: school/index.php
in SYSTEMPATH/Exceptions/FrameworkException.php on line 33.
 1 SYSTEMPATH/View/View.php(201): CodeIgniter\Exceptions\FrameworkException::forInvalidFile()
 2 SYSTEMPATH/Common.php(1134): CodeIgniter\View\View->render()
 3 APPPATH/Controllers/SchoolController.php(11): view()
 4 SYSTEMPATH/CodeIgniter.php(927): App\Controllers\SchoolController->index()
 5 SYSTEMPATH/CodeIgniter.php(482): CodeIgniter\CodeIgniter->runController()
 6 SYSTEMPATH/CodeIgniter.php(351): CodeIgniter\CodeIgniter->handleRequest()
 7 FCPATH/index.php(67): CodeIgniter\CodeIgniter->run()
CRITICAL - 2022-11-10 22:52:49 --> syntax error, unexpected '->' (T_OBJECT_OPERATOR), expecting ';' or ','
in APPPATH/Views/template/content_header.php on line 6.
 1 SYSTEMPATH/View/View.php(216): CodeIgniter\View\View->CodeIgniter\View\{closure}()
 2 SYSTEMPATH/Common.php(1134): CodeIgniter\View\View->render()
 3 APPPATH/Views/school/index.php(12): view()
 4 SYSTEMPATH/View/View.php(213): include('APPPATH/Views/school/index.php')
 5 SYSTEMPATH/View/View.php(216): CodeIgniter\View\View->CodeIgniter\View\{closure}()
 6 SYSTEMPATH/Common.php(1134): CodeIgniter\View\View->render()
 7 APPPATH/Controllers/SchoolController.php(11): view()
 8 SYSTEMPATH/CodeIgniter.php(927): App\Controllers\SchoolController->index()
 9 SYSTEMPATH/CodeIgniter.php(482): CodeIgniter\CodeIgniter->runController()
10 SYSTEMPATH/CodeIgniter.php(351): CodeIgniter\CodeIgniter->handleRequest()
11 FCPATH/index.php(67): CodeIgniter\CodeIgniter->run()
CRITICAL - 2022-11-10 22:53:18 --> syntax error, unexpected '->' (T_OBJECT_OPERATOR), expecting ';' or ','
in APPPATH/Views/template/content_header.php on line 6.
 1 SYSTEMPATH/View/View.php(216): CodeIgniter\View\View->CodeIgniter\View\{closure}()
 2 SYSTEMPATH/Common.php(1134): CodeIgniter\View\View->render()
 3 APPPATH/Views/school/index.php(12): view()
 4 SYSTEMPATH/View/View.php(213): include('APPPATH/Views/school/index.php')
 5 SYSTEMPATH/View/View.php(216): CodeIgniter\View\View->CodeIgniter\View\{closure}()
 6 SYSTEMPATH/Common.php(1134): CodeIgniter\View\View->render()
 7 APPPATH/Controllers/SchoolController.php(11): view()
 8 SYSTEMPATH/CodeIgniter.php(927): App\Controllers\SchoolController->index()
 9 SYSTEMPATH/CodeIgniter.php(482): CodeIgniter\CodeIgniter->runController()
10 SYSTEMPATH/CodeIgniter.php(351): CodeIgniter\CodeIgniter->handleRequest()
11 FCPATH/index.php(67): CodeIgniter\CodeIgniter->run()
CRITICAL - 2022-11-10 22:53:23 --> syntax error, unexpected '->' (T_OBJECT_OPERATOR), expecting ';' or ','
in APPPATH/Views/template/content_header.php on line 6.
 1 SYSTEMPATH/View/View.php(216): CodeIgniter\View\View->CodeIgniter\View\{closure}()
 2 SYSTEMPATH/Common.php(1134): CodeIgniter\View\View->render()
 3 APPPATH/Views/school/index.php(12): view()
 4 SYSTEMPATH/View/View.php(213): include('APPPATH/Views/school/index.php')
 5 SYSTEMPATH/View/View.php(216): CodeIgniter\View\View->CodeIgniter\View\{closure}()
 6 SYSTEMPATH/Common.php(1134): CodeIgniter\View\View->render()
 7 APPPATH/Controllers/SchoolController.php(11): view()
 8 SYSTEMPATH/CodeIgniter.php(927): App\Controllers\SchoolController->index()
 9 SYSTEMPATH/CodeIgniter.php(482): CodeIgniter\CodeIgniter->runController()
10 SYSTEMPATH/CodeIgniter.php(351): CodeIgniter\CodeIgniter->handleRequest()
11 FCPATH/index.php(67): CodeIgniter\CodeIgniter->run()
CRITICAL - 2022-11-10 22:54:15 --> syntax error, unexpected '->' (T_OBJECT_OPERATOR), expecting ';' or ','
in APPPATH/Views/template/content_header.php on line 6.
 1 SYSTEMPATH/View/View.php(216): CodeIgniter\View\View->CodeIgniter\View\{closure}()
 2 SYSTEMPATH/Common.php(1134): CodeIgniter\View\View->render()
 3 APPPATH/Views/school/index.php(12): view()
 4 SYSTEMPATH/View/View.php(213): include('APPPATH/Views/school/index.php')
 5 SYSTEMPATH/View/View.php(216): CodeIgniter\View\View->CodeIgniter\View\{closure}()
 6 SYSTEMPATH/Common.php(1134): CodeIgniter\View\View->render()
 7 APPPATH/Controllers/SchoolController.php(11): view()
 8 SYSTEMPATH/CodeIgniter.php(927): App\Controllers\SchoolController->index()
 9 SYSTEMPATH/CodeIgniter.php(482): CodeIgniter\CodeIgniter->runController()
10 SYSTEMPATH/CodeIgniter.php(351): CodeIgniter\CodeIgniter->handleRequest()
11 FCPATH/index.php(67): CodeIgniter\CodeIgniter->run()
CRITICAL - 2022-11-10 22:55:05 --> syntax error, unexpected '->' (T_OBJECT_OPERATOR), expecting ';' or ','
in APPPATH/Views/template/content_header.php on line 6.
 1 SYSTEMPATH/View/View.php(216): CodeIgniter\View\View->CodeIgniter\View\{closure}()
 2 SYSTEMPATH/Common.php(1134): CodeIgniter\View\View->render()
 3 APPPATH/Views/school/index.php(12): view()
 4 SYSTEMPATH/View/View.php(213): include('APPPATH/Views/school/index.php')
 5 SYSTEMPATH/View/View.php(216): CodeIgniter\View\View->CodeIgniter\View\{closure}()
 6 SYSTEMPATH/Common.php(1134): CodeIgniter\View\View->render()
 7 APPPATH/Controllers/SchoolController.php(11): view()
 8 SYSTEMPATH/CodeIgniter.php(927): App\Controllers\SchoolController->index()
 9 SYSTEMPATH/CodeIgniter.php(482): CodeIgniter\CodeIgniter->runController()
10 SYSTEMPATH/CodeIgniter.php(351): CodeIgniter\CodeIgniter->handleRequest()
11 FCPATH/index.php(67): CodeIgniter\CodeIgniter->run()
