CRITICAL - 2023-01-10 08:27:59 --> Undefined variable: session
in APPPATH/Views/admin/get_user_ajax.php on line 266.
 1 APPPATH/Views/admin/get_user_ajax.php(266): CodeIgniter\Debug\Exceptions->errorHandler(8, 'Undefined variable: session', 'APPPATH/Views/admin/get_user_ajax.php', 266, [...])
 2 SYSTEMPATH/View/View.php(213): include('APPPATH/Views/admin/get_user_ajax.php')
 3 SYSTEMPATH/View/View.php(216): CodeIgniter\View\View->CodeIgniter\View\{closure}()
 4 SYSTEMPATH/Common.php(1134): CodeIgniter\View\View->render('admin/get_user_ajax', [], true)
 5 APPPATH/Controllers/AdminController.php(1887): view('admin/get_user_ajax', [...])
 6 SYSTEMPATH/CodeIgniter.php(927): App\Controllers\AdminController->get_user()
 7 SYSTEMPATH/CodeIgniter.php(482): CodeIgniter\CodeIgniter->runController(Object(App\Controllers\AdminController))
 8 SYSTEMPATH/CodeIgniter.php(351): CodeIgniter\CodeIgniter->handleRequest(null, Object(Config\Cache), false)
 9 FCPATH/index.php(67): CodeIgniter\CodeIgniter->run()
10 SYSTEMPATH/Commands/Server/rewrite.php(46): require_once('FCPATH/index.php')
CRITICAL - 2023-01-10 08:28:54 --> Undefined variable: _request
in APPPATH/Views/admin/get_user_ajax.php on line 266.
 1 APPPATH/Views/admin/get_user_ajax.php(266): CodeIgniter\Debug\Exceptions->errorHandler(8, 'Undefined variable: _request', 'APPPATH/Views/admin/get_user_ajax.php', 266, [...])
 2 SYSTEMPATH/View/View.php(213): include('APPPATH/Views/admin/get_user_ajax.php')
 3 SYSTEMPATH/View/View.php(216): CodeIgniter\View\View->CodeIgniter\View\{closure}()
 4 SYSTEMPATH/Common.php(1134): CodeIgniter\View\View->render('admin/get_user_ajax', [], true)
 5 APPPATH/Controllers/AdminController.php(1887): view('admin/get_user_ajax', [...])
 6 SYSTEMPATH/CodeIgniter.php(927): App\Controllers\AdminController->get_user()
 7 SYSTEMPATH/CodeIgniter.php(482): CodeIgniter\CodeIgniter->runController(Object(App\Controllers\AdminController))
 8 SYSTEMPATH/CodeIgniter.php(351): CodeIgniter\CodeIgniter->handleRequest(null, Object(Config\Cache), false)
 9 FCPATH/index.php(67): CodeIgniter\CodeIgniter->run()
10 SYSTEMPATH/Commands/Server/rewrite.php(46): require_once('FCPATH/index.php')
