CRITICAL - 2022-12-24 09:09:17 --> syntax error, unexpected '[', expecting '('
in APPPATH/Controllers/ForgotPasswordController.php on line 33.
 1 SYSTEMPATH/Autoloader/Autoloader.php(259): CodeIgniter\Autoloader\Autoloader->includeFile('APPPATH/Controllers/ForgotPasswordController.php')
 2 SYSTEMPATH/Autoloader/Autoloader.php(237): CodeIgniter\Autoloader\Autoloader->loadInNamespace('App\\Controllers\\ForgotPasswordController')
 3 [internal function]: CodeIgniter\Autoloader\Autoloader->loadClass('App\\Controllers\\ForgotPasswordController')
 4 [internal function]: spl_autoload_call('App\\Controllers\\ForgotPasswordController')
 5 SYSTEMPATH/CodeIgniter.php(877): class_exists('\\App\\Controllers\\ForgotPasswordController', true)
 6 SYSTEMPATH/CodeIgniter.php(469): CodeIgniter\CodeIgniter->startController()
 7 SYSTEMPATH/CodeIgniter.php(351): CodeIgniter\CodeIgniter->handleRequest(null, Object(Config\Cache), false)
 8 FCPATH/index.php(67): CodeIgniter\CodeIgniter->run()
 9 SYSTEMPATH/Commands/Server/rewrite.php(46): require_once('FCPATH/index.php')
CRITICAL - 2022-12-24 09:10:29 --> syntax error, unexpected '[', expecting '('
in APPPATH/Controllers/ForgotPasswordController.php on line 36.
 1 SYSTEMPATH/Autoloader/Autoloader.php(259): CodeIgniter\Autoloader\Autoloader->includeFile('APPPATH/Controllers/ForgotPasswordController.php')
 2 SYSTEMPATH/Autoloader/Autoloader.php(237): CodeIgniter\Autoloader\Autoloader->loadInNamespace('App\\Controllers\\ForgotPasswordController')
 3 [internal function]: CodeIgniter\Autoloader\Autoloader->loadClass('App\\Controllers\\ForgotPasswordController')
 4 [internal function]: spl_autoload_call('App\\Controllers\\ForgotPasswordController')
 5 SYSTEMPATH/CodeIgniter.php(877): class_exists('\\App\\Controllers\\ForgotPasswordController', true)
 6 SYSTEMPATH/CodeIgniter.php(469): CodeIgniter\CodeIgniter->startController()
 7 SYSTEMPATH/CodeIgniter.php(351): CodeIgniter\CodeIgniter->handleRequest(null, Object(Config\Cache), false)
 8 FCPATH/index.php(67): CodeIgniter\CodeIgniter->run()
 9 SYSTEMPATH/Commands/Server/rewrite.php(46): require_once('FCPATH/index.php')
CRITICAL - 2022-12-24 09:11:09 --> syntax error, unexpected ':'
in APPPATH/Controllers/ForgotPasswordController.php on line 201.
 1 SYSTEMPATH/Autoloader/Autoloader.php(259): CodeIgniter\Autoloader\Autoloader->includeFile('APPPATH/Controllers/ForgotPasswordController.php')
 2 SYSTEMPATH/Autoloader/Autoloader.php(237): CodeIgniter\Autoloader\Autoloader->loadInNamespace('App\\Controllers\\ForgotPasswordController')
 3 [internal function]: CodeIgniter\Autoloader\Autoloader->loadClass('App\\Controllers\\ForgotPasswordController')
 4 [internal function]: spl_autoload_call('App\\Controllers\\ForgotPasswordController')
 5 SYSTEMPATH/CodeIgniter.php(877): class_exists('\\App\\Controllers\\ForgotPasswordController', true)
 6 SYSTEMPATH/CodeIgniter.php(469): CodeIgniter\CodeIgniter->startController()
 7 SYSTEMPATH/CodeIgniter.php(351): CodeIgniter\CodeIgniter->handleRequest(null, Object(Config\Cache), false)
 8 FCPATH/index.php(67): CodeIgniter\CodeIgniter->run()
 9 SYSTEMPATH/Commands/Server/rewrite.php(46): require_once('FCPATH/index.php')
CRITICAL - 2022-12-24 09:14:12 --> syntax error, unexpected ':'
in APPPATH/Controllers/ForgotPasswordController.php on line 201.
 1 SYSTEMPATH/Autoloader/Autoloader.php(259): CodeIgniter\Autoloader\Autoloader->includeFile('APPPATH/Controllers/ForgotPasswordController.php')
 2 SYSTEMPATH/Autoloader/Autoloader.php(237): CodeIgniter\Autoloader\Autoloader->loadInNamespace('App\\Controllers\\ForgotPasswordController')
 3 [internal function]: CodeIgniter\Autoloader\Autoloader->loadClass('App\\Controllers\\ForgotPasswordController')
 4 [internal function]: spl_autoload_call('App\\Controllers\\ForgotPasswordController')
 5 SYSTEMPATH/CodeIgniter.php(877): class_exists('\\App\\Controllers\\ForgotPasswordController', true)
 6 SYSTEMPATH/CodeIgniter.php(469): CodeIgniter\CodeIgniter->startController()
 7 SYSTEMPATH/CodeIgniter.php(351): CodeIgniter\CodeIgniter->handleRequest(null, Object(Config\Cache), false)
 8 FCPATH/index.php(67): CodeIgniter\CodeIgniter->run()
 9 SYSTEMPATH/Commands/Server/rewrite.php(46): require_once('FCPATH/index.php')
CRITICAL - 2022-12-24 09:14:45 --> syntax error, unexpected ':'
in APPPATH/Controllers/ForgotPasswordController.php on line 201.
 1 SYSTEMPATH/Autoloader/Autoloader.php(259): CodeIgniter\Autoloader\Autoloader->includeFile('APPPATH/Controllers/ForgotPasswordController.php')
 2 SYSTEMPATH/Autoloader/Autoloader.php(237): CodeIgniter\Autoloader\Autoloader->loadInNamespace('App\\Controllers\\ForgotPasswordController')
 3 [internal function]: CodeIgniter\Autoloader\Autoloader->loadClass('App\\Controllers\\ForgotPasswordController')
 4 [internal function]: spl_autoload_call('App\\Controllers\\ForgotPasswordController')
 5 SYSTEMPATH/CodeIgniter.php(877): class_exists('\\App\\Controllers\\ForgotPasswordController', true)
 6 SYSTEMPATH/CodeIgniter.php(469): CodeIgniter\CodeIgniter->startController()
 7 SYSTEMPATH/CodeIgniter.php(351): CodeIgniter\CodeIgniter->handleRequest(null, Object(Config\Cache), false)
 8 FCPATH/index.php(67): CodeIgniter\CodeIgniter->run()
 9 SYSTEMPATH/Commands/Server/rewrite.php(46): require_once('FCPATH/index.php')
CRITICAL - 2022-12-24 09:18:20 --> syntax error, unexpected ':'
in APPPATH/Controllers/ForgotPasswordController.php on line 201.
 1 SYSTEMPATH/Autoloader/Autoloader.php(259): CodeIgniter\Autoloader\Autoloader->includeFile('APPPATH/Controllers/ForgotPasswordController.php')
 2 SYSTEMPATH/Autoloader/Autoloader.php(237): CodeIgniter\Autoloader\Autoloader->loadInNamespace('App\\Controllers\\ForgotPasswordController')
 3 [internal function]: CodeIgniter\Autoloader\Autoloader->loadClass('App\\Controllers\\ForgotPasswordController')
 4 [internal function]: spl_autoload_call('App\\Controllers\\ForgotPasswordController')
 5 SYSTEMPATH/CodeIgniter.php(877): class_exists('\\App\\Controllers\\ForgotPasswordController', true)
 6 SYSTEMPATH/CodeIgniter.php(469): CodeIgniter\CodeIgniter->startController()
 7 SYSTEMPATH/CodeIgniter.php(351): CodeIgniter\CodeIgniter->handleRequest(null, Object(Config\Cache), false)
 8 FCPATH/index.php(67): CodeIgniter\CodeIgniter->run()
 9 SYSTEMPATH/Commands/Server/rewrite.php(46): require_once('FCPATH/index.php')
CRITICAL - 2022-12-24 09:20:57 --> Class 'App\Models\AdminsModel' not found
in APPPATH/Controllers/ForgotPasswordController.php on line 49.
 1 SYSTEMPATH/CodeIgniter.php(927): App\Controllers\ForgotPasswordController->forgot()
 2 SYSTEMPATH/CodeIgniter.php(482): CodeIgniter\CodeIgniter->runController(Object(App\Controllers\ForgotPasswordController))
 3 SYSTEMPATH/CodeIgniter.php(351): CodeIgniter\CodeIgniter->handleRequest(null, Object(Config\Cache), false)
 4 FCPATH/index.php(67): CodeIgniter\CodeIgniter->run()
 5 SYSTEMPATH/Commands/Server/rewrite.php(46): require_once('FCPATH/index.php')
CRITICAL - 2022-12-24 09:23:28 --> Class 'App\Controllers\ClustersUsersModel' not found
in APPPATH/Controllers/ForgotPasswordController.php on line 48.
 1 SYSTEMPATH/CodeIgniter.php(927): App\Controllers\ForgotPasswordController->forgot()
 2 SYSTEMPATH/CodeIgniter.php(482): CodeIgniter\CodeIgniter->runController(Object(App\Controllers\ForgotPasswordController))
 3 SYSTEMPATH/CodeIgniter.php(351): CodeIgniter\CodeIgniter->handleRequest(null, Object(Config\Cache), false)
 4 FCPATH/index.php(67): CodeIgniter\CodeIgniter->run()
 5 SYSTEMPATH/Commands/Server/rewrite.php(46): require_once('FCPATH/index.php')
CRITICAL - 2022-12-24 09:26:02 --> Class 'App\Controllers\ClustersUsersModel' not found
in APPPATH/Controllers/ForgotPasswordController.php on line 48.
 1 SYSTEMPATH/CodeIgniter.php(927): App\Controllers\ForgotPasswordController->forgot()
 2 SYSTEMPATH/CodeIgniter.php(482): CodeIgniter\CodeIgniter->runController(Object(App\Controllers\ForgotPasswordController))
 3 SYSTEMPATH/CodeIgniter.php(351): CodeIgniter\CodeIgniter->handleRequest(null, Object(Config\Cache), false)
 4 FCPATH/index.php(67): CodeIgniter\CodeIgniter->run()
 5 SYSTEMPATH/Commands/Server/rewrite.php(46): require_once('FCPATH/index.php')
CRITICAL - 2022-12-24 10:46:56 --> Undefined property: CodeIgniter\View\View::$userdb
in APPPATH/Views/school/dashboard.php on line 21.
 1 APPPATH/Views/school/dashboard.php(21): CodeIgniter\Debug\Exceptions->errorHandler(8, 'Undefined property: CodeIgniter\\View\\View::$userdb', 'APPPATH/Views/school/dashboard.php', 21, [...])
 2 SYSTEMPATH/View/View.php(213): include('APPPATH/Views/school/dashboard.php')
 3 SYSTEMPATH/View/View.php(216): CodeIgniter\View\View->CodeIgniter\View\{closure}()
 4 SYSTEMPATH/Common.php(1134): CodeIgniter\View\View->render('school/dashboard', [], true)
 5 APPPATH/Controllers/SchoolController.php(36): view('school/dashboard', [...])
 6 SYSTEMPATH/CodeIgniter.php(927): App\Controllers\SchoolController->index()
 7 SYSTEMPATH/CodeIgniter.php(482): CodeIgniter\CodeIgniter->runController(Object(App\Controllers\SchoolController))
 8 SYSTEMPATH/CodeIgniter.php(351): CodeIgniter\CodeIgniter->handleRequest(null, Object(Config\Cache), false)
 9 FCPATH/index.php(67): CodeIgniter\CodeIgniter->run()
10 SYSTEMPATH/Commands/Server/rewrite.php(46): require_once('FCPATH/index.php')
CRITICAL - 2022-12-24 10:55:43 --> syntax error, unexpected 'echo' (T_ECHO)
in APPPATH/Views/school/dashboard.php on line 21.
 1 SYSTEMPATH/View/View.php(216): CodeIgniter\View\View->CodeIgniter\View\{closure}()
 2 SYSTEMPATH/Common.php(1134): CodeIgniter\View\View->render('school/dashboard', [], true)
 3 APPPATH/Controllers/SchoolController.php(38): view('school/dashboard', [...])
 4 SYSTEMPATH/CodeIgniter.php(927): App\Controllers\SchoolController->index()
 5 SYSTEMPATH/CodeIgniter.php(482): CodeIgniter\CodeIgniter->runController(Object(App\Controllers\SchoolController))
 6 SYSTEMPATH/CodeIgniter.php(351): CodeIgniter\CodeIgniter->handleRequest(null, Object(Config\Cache), false)
 7 FCPATH/index.php(67): CodeIgniter\CodeIgniter->run()
 8 SYSTEMPATH/Commands/Server/rewrite.php(46): require_once('FCPATH/index.php')
CRITICAL - 2022-12-24 10:56:24 --> syntax error, unexpected ';', expecting ')'
in APPPATH/Views/school/dashboard.php on line 21.
 1 SYSTEMPATH/View/View.php(216): CodeIgniter\View\View->CodeIgniter\View\{closure}()
 2 SYSTEMPATH/Common.php(1134): CodeIgniter\View\View->render('school/dashboard', [], true)
 3 APPPATH/Controllers/SchoolController.php(38): view('school/dashboard', [...])
 4 SYSTEMPATH/CodeIgniter.php(927): App\Controllers\SchoolController->index()
 5 SYSTEMPATH/CodeIgniter.php(482): CodeIgniter\CodeIgniter->runController(Object(App\Controllers\SchoolController))
 6 SYSTEMPATH/CodeIgniter.php(351): CodeIgniter\CodeIgniter->handleRequest(null, Object(Config\Cache), false)
 7 FCPATH/index.php(67): CodeIgniter\CodeIgniter->run()
 8 SYSTEMPATH/Commands/Server/rewrite.php(46): require_once('FCPATH/index.php')
CRITICAL - 2022-12-24 10:57:02 --> syntax error, unexpected '?>', expecting ')'
in APPPATH/Views/school/dashboard.php on line 21.
 1 SYSTEMPATH/View/View.php(216): CodeIgniter\View\View->CodeIgniter\View\{closure}()
 2 SYSTEMPATH/Common.php(1134): CodeIgniter\View\View->render('school/dashboard', [], true)
 3 APPPATH/Controllers/SchoolController.php(38): view('school/dashboard', [...])
 4 SYSTEMPATH/CodeIgniter.php(927): App\Controllers\SchoolController->index()
 5 SYSTEMPATH/CodeIgniter.php(482): CodeIgniter\CodeIgniter->runController(Object(App\Controllers\SchoolController))
 6 SYSTEMPATH/CodeIgniter.php(351): CodeIgniter\CodeIgniter->handleRequest(null, Object(Config\Cache), false)
 7 FCPATH/index.php(67): CodeIgniter\CodeIgniter->run()
 8 SYSTEMPATH/Commands/Server/rewrite.php(46): require_once('FCPATH/index.php')
CRITICAL - 2022-12-24 10:57:54 --> syntax error, unexpected ';', expecting ')'
in APPPATH/Views/school/dashboard.php on line 22.
 1 SYSTEMPATH/View/View.php(216): CodeIgniter\View\View->CodeIgniter\View\{closure}()
 2 SYSTEMPATH/Common.php(1134): CodeIgniter\View\View->render('school/dashboard', [], true)
 3 APPPATH/Controllers/SchoolController.php(38): view('school/dashboard', [...])
 4 SYSTEMPATH/CodeIgniter.php(927): App\Controllers\SchoolController->index()
 5 SYSTEMPATH/CodeIgniter.php(482): CodeIgniter\CodeIgniter->runController(Object(App\Controllers\SchoolController))
 6 SYSTEMPATH/CodeIgniter.php(351): CodeIgniter\CodeIgniter->handleRequest(null, Object(Config\Cache), false)
 7 FCPATH/index.php(67): CodeIgniter\CodeIgniter->run()
 8 SYSTEMPATH/Commands/Server/rewrite.php(46): require_once('FCPATH/index.php')
CRITICAL - 2022-12-24 11:02:02 --> Trying to access array offset on value of type int
in APPPATH/Views/school/dashboard.php on line 21.
 1 APPPATH/Views/school/dashboard.php(21): CodeIgniter\Debug\Exceptions->errorHandler(8, 'Trying to access array offset on value of type int', 'APPPATH/Views/school/dashboard.php', 21, [...])
 2 SYSTEMPATH/View/View.php(213): include('APPPATH/Views/school/dashboard.php')
 3 SYSTEMPATH/View/View.php(216): CodeIgniter\View\View->CodeIgniter\View\{closure}()
 4 SYSTEMPATH/Common.php(1134): CodeIgniter\View\View->render('school/dashboard', [], true)
 5 APPPATH/Controllers/SchoolController.php(38): view('school/dashboard', [...])
 6 SYSTEMPATH/CodeIgniter.php(927): App\Controllers\SchoolController->index()
 7 SYSTEMPATH/CodeIgniter.php(482): CodeIgniter\CodeIgniter->runController(Object(App\Controllers\SchoolController))
 8 SYSTEMPATH/CodeIgniter.php(351): CodeIgniter\CodeIgniter->handleRequest(null, Object(Config\Cache), false)
 9 FCPATH/index.php(67): CodeIgniter\CodeIgniter->run()
10 SYSTEMPATH/Commands/Server/rewrite.php(46): require_once('FCPATH/index.php')
CRITICAL - 2022-12-24 11:04:09 --> Trying to access array offset on value of type null
in APPPATH/Views/school/dashboard.php on line 21.
 1 APPPATH/Views/school/dashboard.php(21): CodeIgniter\Debug\Exceptions->errorHandler(8, 'Trying to access array offset on value of type null', 'APPPATH/Views/school/dashboard.php', 21, [...])
 2 SYSTEMPATH/View/View.php(213): include('APPPATH/Views/school/dashboard.php')
 3 SYSTEMPATH/View/View.php(216): CodeIgniter\View\View->CodeIgniter\View\{closure}()
 4 SYSTEMPATH/Common.php(1134): CodeIgniter\View\View->render('school/dashboard', [], true)
 5 APPPATH/Controllers/SchoolController.php(38): view('school/dashboard', [...])
 6 SYSTEMPATH/CodeIgniter.php(927): App\Controllers\SchoolController->index()
 7 SYSTEMPATH/CodeIgniter.php(482): CodeIgniter\CodeIgniter->runController(Object(App\Controllers\SchoolController))
 8 SYSTEMPATH/CodeIgniter.php(351): CodeIgniter\CodeIgniter->handleRequest(null, Object(Config\Cache), false)
 9 FCPATH/index.php(67): CodeIgniter\CodeIgniter->run()
10 SYSTEMPATH/Commands/Server/rewrite.php(46): require_once('FCPATH/index.php')
CRITICAL - 2022-12-24 11:07:01 --> Trying to access array offset on value of type null
in APPPATH/Views/school/dashboard.php on line 18.
 1 APPPATH/Views/school/dashboard.php(18): CodeIgniter\Debug\Exceptions->errorHandler(8, 'Trying to access array offset on value of type null', 'APPPATH/Views/school/dashboard.php', 18, [...])
 2 SYSTEMPATH/View/View.php(213): include('APPPATH/Views/school/dashboard.php')
 3 SYSTEMPATH/View/View.php(216): CodeIgniter\View\View->CodeIgniter\View\{closure}()
 4 SYSTEMPATH/Common.php(1134): CodeIgniter\View\View->render('school/dashboard', [], true)
 5 APPPATH/Controllers/SchoolController.php(38): view('school/dashboard', [...])
 6 SYSTEMPATH/CodeIgniter.php(927): App\Controllers\SchoolController->index()
 7 SYSTEMPATH/CodeIgniter.php(482): CodeIgniter\CodeIgniter->runController(Object(App\Controllers\SchoolController))
 8 SYSTEMPATH/CodeIgniter.php(351): CodeIgniter\CodeIgniter->handleRequest(null, Object(Config\Cache), false)
 9 FCPATH/index.php(67): CodeIgniter\CodeIgniter->run()
10 SYSTEMPATH/Commands/Server/rewrite.php(46): require_once('FCPATH/index.php')
CRITICAL - 2022-12-24 11:07:27 --> Trying to get property 'co_date_start' of non-object
in APPPATH/Views/school/dashboard.php on line 18.
 1 APPPATH/Views/school/dashboard.php(18): CodeIgniter\Debug\Exceptions->errorHandler(8, 'Trying to get property \'co_date_start\' of non-object', 'APPPATH/Views/school/dashboard.php', 18, [...])
 2 SYSTEMPATH/View/View.php(213): include('APPPATH/Views/school/dashboard.php')
 3 SYSTEMPATH/View/View.php(216): CodeIgniter\View\View->CodeIgniter\View\{closure}()
 4 SYSTEMPATH/Common.php(1134): CodeIgniter\View\View->render('school/dashboard', [], true)
 5 APPPATH/Controllers/SchoolController.php(38): view('school/dashboard', [...])
 6 SYSTEMPATH/CodeIgniter.php(927): App\Controllers\SchoolController->index()
 7 SYSTEMPATH/CodeIgniter.php(482): CodeIgniter\CodeIgniter->runController(Object(App\Controllers\SchoolController))
 8 SYSTEMPATH/CodeIgniter.php(351): CodeIgniter\CodeIgniter->handleRequest(null, Object(Config\Cache), false)
 9 FCPATH/index.php(67): CodeIgniter\CodeIgniter->run()
10 SYSTEMPATH/Commands/Server/rewrite.php(46): require_once('FCPATH/index.php')
CRITICAL - 2022-12-24 11:09:13 --> Trying to access array offset on value of type null
in APPPATH/Views/school/dashboard.php on line 18.
 1 APPPATH/Views/school/dashboard.php(18): CodeIgniter\Debug\Exceptions->errorHandler(8, 'Trying to access array offset on value of type null', 'APPPATH/Views/school/dashboard.php', 18, [...])
 2 SYSTEMPATH/View/View.php(213): include('APPPATH/Views/school/dashboard.php')
 3 SYSTEMPATH/View/View.php(216): CodeIgniter\View\View->CodeIgniter\View\{closure}()
 4 SYSTEMPATH/Common.php(1134): CodeIgniter\View\View->render('school/dashboard', [], true)
 5 APPPATH/Controllers/SchoolController.php(38): view('school/dashboard', [...])
 6 SYSTEMPATH/CodeIgniter.php(927): App\Controllers\SchoolController->index()
 7 SYSTEMPATH/CodeIgniter.php(482): CodeIgniter\CodeIgniter->runController(Object(App\Controllers\SchoolController))
 8 SYSTEMPATH/CodeIgniter.php(351): CodeIgniter\CodeIgniter->handleRequest(null, Object(Config\Cache), false)
 9 FCPATH/index.php(67): CodeIgniter\CodeIgniter->run()
10 SYSTEMPATH/Commands/Server/rewrite.php(46): require_once('FCPATH/index.php')
CRITICAL - 2022-12-24 11:10:03 --> Trying to access array offset on value of type null
in APPPATH/Views/school/dashboard.php on line 18.
 1 APPPATH/Views/school/dashboard.php(18): CodeIgniter\Debug\Exceptions->errorHandler(8, 'Trying to access array offset on value of type null', 'APPPATH/Views/school/dashboard.php', 18, [...])
 2 SYSTEMPATH/View/View.php(213): include('APPPATH/Views/school/dashboard.php')
 3 SYSTEMPATH/View/View.php(216): CodeIgniter\View\View->CodeIgniter\View\{closure}()
 4 SYSTEMPATH/Common.php(1134): CodeIgniter\View\View->render('school/dashboard', [], true)
 5 APPPATH/Controllers/SchoolController.php(38): view('school/dashboard', [...])
 6 SYSTEMPATH/CodeIgniter.php(927): App\Controllers\SchoolController->index()
 7 SYSTEMPATH/CodeIgniter.php(482): CodeIgniter\CodeIgniter->runController(Object(App\Controllers\SchoolController))
 8 SYSTEMPATH/CodeIgniter.php(351): CodeIgniter\CodeIgniter->handleRequest(null, Object(Config\Cache), false)
 9 FCPATH/index.php(67): CodeIgniter\CodeIgniter->run()
10 SYSTEMPATH/Commands/Server/rewrite.php(46): require_once('FCPATH/index.php')
CRITICAL - 2022-12-24 11:10:22 --> Trying to access array offset on value of type null
in APPPATH/Views/school/dashboard.php on line 18.
 1 APPPATH/Views/school/dashboard.php(18): CodeIgniter\Debug\Exceptions->errorHandler(8, 'Trying to access array offset on value of type null', 'APPPATH/Views/school/dashboard.php', 18, [...])
 2 SYSTEMPATH/View/View.php(213): include('APPPATH/Views/school/dashboard.php')
 3 SYSTEMPATH/View/View.php(216): CodeIgniter\View\View->CodeIgniter\View\{closure}()
 4 SYSTEMPATH/Common.php(1134): CodeIgniter\View\View->render('school/dashboard', [], true)
 5 APPPATH/Controllers/SchoolController.php(38): view('school/dashboard', [...])
 6 SYSTEMPATH/CodeIgniter.php(927): App\Controllers\SchoolController->index()
 7 SYSTEMPATH/CodeIgniter.php(482): CodeIgniter\CodeIgniter->runController(Object(App\Controllers\SchoolController))
 8 SYSTEMPATH/CodeIgniter.php(351): CodeIgniter\CodeIgniter->handleRequest(null, Object(Config\Cache), false)
 9 FCPATH/index.php(67): CodeIgniter\CodeIgniter->run()
10 SYSTEMPATH/Commands/Server/rewrite.php(46): require_once('FCPATH/index.php')
CRITICAL - 2022-12-24 11:11:00 --> Call to undefined function DateThai()
in APPPATH/Views/school/dashboard.php on line 22.
 1 SYSTEMPATH/View/View.php(213): include()
 2 SYSTEMPATH/View/View.php(216): CodeIgniter\View\View->CodeIgniter\View\{closure}()
 3 SYSTEMPATH/Common.php(1134): CodeIgniter\View\View->render('school/dashboard', [], true)
 4 APPPATH/Controllers/SchoolController.php(38): view('school/dashboard', [...])
 5 SYSTEMPATH/CodeIgniter.php(927): App\Controllers\SchoolController->index()
 6 SYSTEMPATH/CodeIgniter.php(482): CodeIgniter\CodeIgniter->runController(Object(App\Controllers\SchoolController))
 7 SYSTEMPATH/CodeIgniter.php(351): CodeIgniter\CodeIgniter->handleRequest(null, Object(Config\Cache), false)
 8 FCPATH/index.php(67): CodeIgniter\CodeIgniter->run()
 9 SYSTEMPATH/Commands/Server/rewrite.php(46): require_once('FCPATH/index.php')
CRITICAL - 2022-12-24 11:11:30 --> Trying to access array offset on value of type null
in APPPATH/Views/school/dashboard.php on line 18.
 1 APPPATH/Views/school/dashboard.php(18): CodeIgniter\Debug\Exceptions->errorHandler(8, 'Trying to access array offset on value of type null', 'APPPATH/Views/school/dashboard.php', 18, [...])
 2 SYSTEMPATH/View/View.php(213): include('APPPATH/Views/school/dashboard.php')
 3 SYSTEMPATH/View/View.php(216): CodeIgniter\View\View->CodeIgniter\View\{closure}()
 4 SYSTEMPATH/Common.php(1134): CodeIgniter\View\View->render('school/dashboard', [], true)
 5 APPPATH/Controllers/SchoolController.php(38): view('school/dashboard', [...])
 6 SYSTEMPATH/CodeIgniter.php(927): App\Controllers\SchoolController->index()
 7 SYSTEMPATH/CodeIgniter.php(482): CodeIgniter\CodeIgniter->runController(Object(App\Controllers\SchoolController))
 8 SYSTEMPATH/CodeIgniter.php(351): CodeIgniter\CodeIgniter->handleRequest(null, Object(Config\Cache), false)
 9 FCPATH/index.php(67): CodeIgniter\CodeIgniter->run()
10 SYSTEMPATH/Commands/Server/rewrite.php(46): require_once('FCPATH/index.php')
CRITICAL - 2022-12-24 11:13:08 --> Trying to access array offset on value of type null
in APPPATH/Views/school/dashboard.php on line 18.
 1 APPPATH/Views/school/dashboard.php(18): CodeIgniter\Debug\Exceptions->errorHandler(8, 'Trying to access array offset on value of type null', 'APPPATH/Views/school/dashboard.php', 18, [...])
 2 SYSTEMPATH/View/View.php(213): include('APPPATH/Views/school/dashboard.php')
 3 SYSTEMPATH/View/View.php(216): CodeIgniter\View\View->CodeIgniter\View\{closure}()
 4 SYSTEMPATH/Common.php(1134): CodeIgniter\View\View->render('school/dashboard', [], true)
 5 APPPATH/Controllers/SchoolController.php(38): view('school/dashboard', [...])
 6 SYSTEMPATH/CodeIgniter.php(927): App\Controllers\SchoolController->index()
 7 SYSTEMPATH/CodeIgniter.php(482): CodeIgniter\CodeIgniter->runController(Object(App\Controllers\SchoolController))
 8 SYSTEMPATH/CodeIgniter.php(351): CodeIgniter\CodeIgniter->handleRequest(null, Object(Config\Cache), false)
 9 FCPATH/index.php(67): CodeIgniter\CodeIgniter->run()
10 SYSTEMPATH/Commands/Server/rewrite.php(46): require_once('FCPATH/index.php')
CRITICAL - 2022-12-24 11:13:09 --> Trying to access array offset on value of type null
in APPPATH/Views/school/dashboard.php on line 18.
 1 APPPATH/Views/school/dashboard.php(18): CodeIgniter\Debug\Exceptions->errorHandler(8, 'Trying to access array offset on value of type null', 'APPPATH/Views/school/dashboard.php', 18, [...])
 2 SYSTEMPATH/View/View.php(213): include('APPPATH/Views/school/dashboard.php')
 3 SYSTEMPATH/View/View.php(216): CodeIgniter\View\View->CodeIgniter\View\{closure}()
 4 SYSTEMPATH/Common.php(1134): CodeIgniter\View\View->render('school/dashboard', [], true)
 5 APPPATH/Controllers/SchoolController.php(38): view('school/dashboard', [...])
 6 SYSTEMPATH/CodeIgniter.php(927): App\Controllers\SchoolController->index()
 7 SYSTEMPATH/CodeIgniter.php(482): CodeIgniter\CodeIgniter->runController(Object(App\Controllers\SchoolController))
 8 SYSTEMPATH/CodeIgniter.php(351): CodeIgniter\CodeIgniter->handleRequest(null, Object(Config\Cache), false)
 9 FCPATH/index.php(67): CodeIgniter\CodeIgniter->run()
10 SYSTEMPATH/Commands/Server/rewrite.php(46): require_once('FCPATH/index.php')
CRITICAL - 2022-12-24 11:15:03 --> Trying to access array offset on value of type null
in APPPATH/Views/school/dashboard.php on line 18.
 1 APPPATH/Views/school/dashboard.php(18): CodeIgniter\Debug\Exceptions->errorHandler(8, 'Trying to access array offset on value of type null', 'APPPATH/Views/school/dashboard.php', 18, [...])
 2 SYSTEMPATH/View/View.php(213): include('APPPATH/Views/school/dashboard.php')
 3 SYSTEMPATH/View/View.php(216): CodeIgniter\View\View->CodeIgniter\View\{closure}()
 4 SYSTEMPATH/Common.php(1134): CodeIgniter\View\View->render('school/dashboard', [], true)
 5 APPPATH/Controllers/SchoolController.php(38): view('school/dashboard', [...])
 6 SYSTEMPATH/CodeIgniter.php(927): App\Controllers\SchoolController->index()
 7 SYSTEMPATH/CodeIgniter.php(482): CodeIgniter\CodeIgniter->runController(Object(App\Controllers\SchoolController))
 8 SYSTEMPATH/CodeIgniter.php(351): CodeIgniter\CodeIgniter->handleRequest(null, Object(Config\Cache), false)
 9 FCPATH/index.php(67): CodeIgniter\CodeIgniter->run()
10 SYSTEMPATH/Commands/Server/rewrite.php(46): require_once('FCPATH/index.php')
CRITICAL - 2022-12-24 11:16:25 --> Trying to access array offset on value of type null
in APPPATH/Views/school/dashboard.php on line 18.
 1 APPPATH/Views/school/dashboard.php(18): CodeIgniter\Debug\Exceptions->errorHandler(8, 'Trying to access array offset on value of type null', 'APPPATH/Views/school/dashboard.php', 18, [...])
 2 SYSTEMPATH/View/View.php(213): include('APPPATH/Views/school/dashboard.php')
 3 SYSTEMPATH/View/View.php(216): CodeIgniter\View\View->CodeIgniter\View\{closure}()
 4 SYSTEMPATH/Common.php(1134): CodeIgniter\View\View->render('school/dashboard', [], true)
 5 APPPATH/Controllers/SchoolController.php(38): view('school/dashboard', [...])
 6 SYSTEMPATH/CodeIgniter.php(927): App\Controllers\SchoolController->index()
 7 SYSTEMPATH/CodeIgniter.php(482): CodeIgniter\CodeIgniter->runController(Object(App\Controllers\SchoolController))
 8 SYSTEMPATH/CodeIgniter.php(351): CodeIgniter\CodeIgniter->handleRequest(null, Object(Config\Cache), false)
 9 FCPATH/index.php(67): CodeIgniter\CodeIgniter->run()
10 SYSTEMPATH/Commands/Server/rewrite.php(46): require_once('FCPATH/index.php')
CRITICAL - 2022-12-24 11:16:55 --> Call to undefined function DateThai()
in APPPATH/Views/school/dashboard.php on line 22.
 1 SYSTEMPATH/View/View.php(213): include()
 2 SYSTEMPATH/View/View.php(216): CodeIgniter\View\View->CodeIgniter\View\{closure}()
 3 SYSTEMPATH/Common.php(1134): CodeIgniter\View\View->render('school/dashboard', [], true)
 4 APPPATH/Controllers/SchoolController.php(38): view('school/dashboard', [...])
 5 SYSTEMPATH/CodeIgniter.php(927): App\Controllers\SchoolController->index()
 6 SYSTEMPATH/CodeIgniter.php(482): CodeIgniter\CodeIgniter->runController(Object(App\Controllers\SchoolController))
 7 SYSTEMPATH/CodeIgniter.php(351): CodeIgniter\CodeIgniter->handleRequest(null, Object(Config\Cache), false)
 8 FCPATH/index.php(67): CodeIgniter\CodeIgniter->run()
 9 SYSTEMPATH/Commands/Server/rewrite.php(46): require_once('FCPATH/index.php')
CRITICAL - 2022-12-24 11:17:43 --> Call to undefined function DateThai()
in APPPATH/Views/school/dashboard.php on line 22.
 1 SYSTEMPATH/View/View.php(213): include()
 2 SYSTEMPATH/View/View.php(216): CodeIgniter\View\View->CodeIgniter\View\{closure}()
 3 SYSTEMPATH/Common.php(1134): CodeIgniter\View\View->render('school/dashboard', [], true)
 4 APPPATH/Controllers/SchoolController.php(38): view('school/dashboard', [...])
 5 SYSTEMPATH/CodeIgniter.php(927): App\Controllers\SchoolController->index()
 6 SYSTEMPATH/CodeIgniter.php(482): CodeIgniter\CodeIgniter->runController(Object(App\Controllers\SchoolController))
 7 SYSTEMPATH/CodeIgniter.php(351): CodeIgniter\CodeIgniter->handleRequest(null, Object(Config\Cache), false)
 8 FCPATH/index.php(67): CodeIgniter\CodeIgniter->run()
 9 SYSTEMPATH/Commands/Server/rewrite.php(46): require_once('FCPATH/index.php')
CRITICAL - 2022-12-24 11:17:44 --> Call to undefined function DateThai()
in APPPATH/Views/school/dashboard.php on line 22.
 1 SYSTEMPATH/View/View.php(213): include()
 2 SYSTEMPATH/View/View.php(216): CodeIgniter\View\View->CodeIgniter\View\{closure}()
 3 SYSTEMPATH/Common.php(1134): CodeIgniter\View\View->render('school/dashboard', [], true)
 4 APPPATH/Controllers/SchoolController.php(38): view('school/dashboard', [...])
 5 SYSTEMPATH/CodeIgniter.php(927): App\Controllers\SchoolController->index()
 6 SYSTEMPATH/CodeIgniter.php(482): CodeIgniter\CodeIgniter->runController(Object(App\Controllers\SchoolController))
 7 SYSTEMPATH/CodeIgniter.php(351): CodeIgniter\CodeIgniter->handleRequest(null, Object(Config\Cache), false)
 8 FCPATH/index.php(67): CodeIgniter\CodeIgniter->run()
 9 SYSTEMPATH/Commands/Server/rewrite.php(46): require_once('FCPATH/index.php')
CRITICAL - 2022-12-24 11:18:19 --> Trying to access array offset on value of type null
in APPPATH/Views/school/dashboard.php on line 18.
 1 APPPATH/Views/school/dashboard.php(18): CodeIgniter\Debug\Exceptions->errorHandler(8, 'Trying to access array offset on value of type null', 'APPPATH/Views/school/dashboard.php', 18, [...])
 2 SYSTEMPATH/View/View.php(213): include('APPPATH/Views/school/dashboard.php')
 3 SYSTEMPATH/View/View.php(216): CodeIgniter\View\View->CodeIgniter\View\{closure}()
 4 SYSTEMPATH/Common.php(1134): CodeIgniter\View\View->render('school/dashboard', [], true)
 5 APPPATH/Controllers/SchoolController.php(38): view('school/dashboard', [...])
 6 SYSTEMPATH/CodeIgniter.php(927): App\Controllers\SchoolController->index()
 7 SYSTEMPATH/CodeIgniter.php(482): CodeIgniter\CodeIgniter->runController(Object(App\Controllers\SchoolController))
 8 SYSTEMPATH/CodeIgniter.php(351): CodeIgniter\CodeIgniter->handleRequest(null, Object(Config\Cache), false)
 9 FCPATH/index.php(67): CodeIgniter\CodeIgniter->run()
10 SYSTEMPATH/Commands/Server/rewrite.php(46): require_once('FCPATH/index.php')
CRITICAL - 2022-12-24 11:18:31 --> Call to undefined function DateThai()
in APPPATH/Views/school/dashboard.php on line 22.
 1 SYSTEMPATH/View/View.php(213): include()
 2 SYSTEMPATH/View/View.php(216): CodeIgniter\View\View->CodeIgniter\View\{closure}()
 3 SYSTEMPATH/Common.php(1134): CodeIgniter\View\View->render('school/dashboard', [], true)
 4 APPPATH/Controllers/SchoolController.php(38): view('school/dashboard', [...])
 5 SYSTEMPATH/CodeIgniter.php(927): App\Controllers\SchoolController->index()
 6 SYSTEMPATH/CodeIgniter.php(482): CodeIgniter\CodeIgniter->runController(Object(App\Controllers\SchoolController))
 7 SYSTEMPATH/CodeIgniter.php(351): CodeIgniter\CodeIgniter->handleRequest(null, Object(Config\Cache), false)
 8 FCPATH/index.php(67): CodeIgniter\CodeIgniter->run()
 9 SYSTEMPATH/Commands/Server/rewrite.php(46): require_once('FCPATH/index.php')
CRITICAL - 2022-12-24 11:20:35 --> Trying to access array offset on value of type null
in APPPATH/Views/school/dashboard.php on line 18.
 1 APPPATH/Views/school/dashboard.php(18): CodeIgniter\Debug\Exceptions->errorHandler(8, 'Trying to access array offset on value of type null', 'APPPATH/Views/school/dashboard.php', 18, [...])
 2 SYSTEMPATH/View/View.php(213): include('APPPATH/Views/school/dashboard.php')
 3 SYSTEMPATH/View/View.php(216): CodeIgniter\View\View->CodeIgniter\View\{closure}()
 4 SYSTEMPATH/Common.php(1134): CodeIgniter\View\View->render('school/dashboard', [], true)
 5 APPPATH/Controllers/SchoolController.php(38): view('school/dashboard', [...])
 6 SYSTEMPATH/CodeIgniter.php(927): App\Controllers\SchoolController->index()
 7 SYSTEMPATH/CodeIgniter.php(482): CodeIgniter\CodeIgniter->runController(Object(App\Controllers\SchoolController))
 8 SYSTEMPATH/CodeIgniter.php(351): CodeIgniter\CodeIgniter->handleRequest(null, Object(Config\Cache), false)
 9 FCPATH/index.php(67): CodeIgniter\CodeIgniter->run()
10 SYSTEMPATH/Commands/Server/rewrite.php(46): require_once('FCPATH/index.php')
CRITICAL - 2022-12-24 11:22:44 --> Cannot redeclare App\Models\KurusConfigsModel::$useTimestamps
in APPPATH/Models/KurusConfigsModel.php on line 16.
 1 [internal function]: CodeIgniter\Debug\Exceptions->shutdownHandler()
CRITICAL - 2022-12-24 11:23:08 --> Call to undefined function DateThai()
in APPPATH/Views/school/dashboard.php on line 22.
 1 SYSTEMPATH/View/View.php(213): include()
 2 SYSTEMPATH/View/View.php(216): CodeIgniter\View\View->CodeIgniter\View\{closure}()
 3 SYSTEMPATH/Common.php(1134): CodeIgniter\View\View->render('school/dashboard', [], true)
 4 APPPATH/Controllers/SchoolController.php(38): view('school/dashboard', [...])
 5 SYSTEMPATH/CodeIgniter.php(927): App\Controllers\SchoolController->index()
 6 SYSTEMPATH/CodeIgniter.php(482): CodeIgniter\CodeIgniter->runController(Object(App\Controllers\SchoolController))
 7 SYSTEMPATH/CodeIgniter.php(351): CodeIgniter\CodeIgniter->handleRequest(null, Object(Config\Cache), false)
 8 FCPATH/index.php(67): CodeIgniter\CodeIgniter->run()
 9 SYSTEMPATH/Commands/Server/rewrite.php(46): require_once('FCPATH/index.php')
CRITICAL - 2022-12-24 11:27:02 --> Cannot call constructor
in APPPATH/Controllers/SchoolController.php on line 20.
 1 SYSTEMPATH/CodeIgniter.php(889): App\Controllers\SchoolController->__construct()
 2 SYSTEMPATH/CodeIgniter.php(473): CodeIgniter\CodeIgniter->createController()
 3 SYSTEMPATH/CodeIgniter.php(351): CodeIgniter\CodeIgniter->handleRequest(null, Object(Config\Cache), false)
 4 FCPATH/index.php(67): CodeIgniter\CodeIgniter->run()
 5 SYSTEMPATH/Commands/Server/rewrite.php(46): require_once('FCPATH/index.php')
CRITICAL - 2022-12-24 11:27:18 --> Undefined property: App\Controllers\SchoolController::$load
in APPPATH/Controllers/SchoolController.php on line 22.
 1 APPPATH/Controllers/SchoolController.php(22): CodeIgniter\Debug\Exceptions->errorHandler(8, 'Undefined property: App\\Controllers\\SchoolController::$load', 'APPPATH/Controllers/SchoolController.php', 22, [])
 2 SYSTEMPATH/CodeIgniter.php(889): App\Controllers\SchoolController->__construct()
 3 SYSTEMPATH/CodeIgniter.php(473): CodeIgniter\CodeIgniter->createController()
 4 SYSTEMPATH/CodeIgniter.php(351): CodeIgniter\CodeIgniter->handleRequest(null, Object(Config\Cache), false)
 5 FCPATH/index.php(67): CodeIgniter\CodeIgniter->run()
 6 SYSTEMPATH/Commands/Server/rewrite.php(46): require_once('FCPATH/index.php')
CRITICAL - 2022-12-24 12:09:27 --> Undefined index: co_datesnote_start
in APPPATH/Views/school/dashboard.php on line 23.
 1 APPPATH/Views/school/dashboard.php(23): CodeIgniter\Debug\Exceptions->errorHandler(8, 'Undefined index: co_datesnote_start', 'APPPATH/Views/school/dashboard.php', 23, [...])
 2 SYSTEMPATH/View/View.php(213): include('APPPATH/Views/school/dashboard.php')
 3 SYSTEMPATH/View/View.php(216): CodeIgniter\View\View->CodeIgniter\View\{closure}()
 4 SYSTEMPATH/Common.php(1134): CodeIgniter\View\View->render('school/dashboard', [], true)
 5 APPPATH/Controllers/SchoolController.php(40): view('school/dashboard', [...])
 6 SYSTEMPATH/CodeIgniter.php(927): App\Controllers\SchoolController->index()
 7 SYSTEMPATH/CodeIgniter.php(482): CodeIgniter\CodeIgniter->runController(Object(App\Controllers\SchoolController))
 8 SYSTEMPATH/CodeIgniter.php(351): CodeIgniter\CodeIgniter->handleRequest(null, Object(Config\Cache), false)
 9 FCPATH/index.php(67): CodeIgniter\CodeIgniter->run()
10 SYSTEMPATH/Commands/Server/rewrite.php(46): require_once('FCPATH/index.php')
CRITICAL - 2022-12-24 20:26:08 --> Undefined variable: teacher
in APPPATH/Views/admin/dashboard.php on line 23.
 1 APPPATH/Views/admin/dashboard.php(23): CodeIgniter\Debug\Exceptions->errorHandler(8, 'Undefined variable: teacher', 'APPPATH/Views/admin/dashboard.php', 23, [...])
 2 SYSTEMPATH/View/View.php(213): include('APPPATH/Views/admin/dashboard.php')
 3 SYSTEMPATH/View/View.php(216): CodeIgniter\View\View->CodeIgniter\View\{closure}()
 4 SYSTEMPATH/Common.php(1134): CodeIgniter\View\View->render('admin/dashboard', [], true)
 5 APPPATH/Controllers/AdminController.php(13): view('admin/dashboard', [...])
 6 SYSTEMPATH/CodeIgniter.php(927): App\Controllers\AdminController->index()
 7 SYSTEMPATH/CodeIgniter.php(482): CodeIgniter\CodeIgniter->runController(Object(App\Controllers\AdminController))
 8 SYSTEMPATH/CodeIgniter.php(351): CodeIgniter\CodeIgniter->handleRequest(null, Object(Config\Cache), false)
 9 FCPATH/index.php(67): CodeIgniter\CodeIgniter->run()
10 SYSTEMPATH/Commands/Server/rewrite.php(46): require_once('FCPATH/index.php')
CRITICAL - 2022-12-24 20:27:11 --> Undefined variable: confirm
in APPPATH/Views/admin/dashboard.php on line 36.
 1 APPPATH/Views/admin/dashboard.php(36): CodeIgniter\Debug\Exceptions->errorHandler(8, 'Undefined variable: confirm', 'APPPATH/Views/admin/dashboard.php', 36, [...])
 2 SYSTEMPATH/View/View.php(213): include('APPPATH/Views/admin/dashboard.php')
 3 SYSTEMPATH/View/View.php(216): CodeIgniter\View\View->CodeIgniter\View\{closure}()
 4 SYSTEMPATH/Common.php(1134): CodeIgniter\View\View->render('admin/dashboard', [], true)
 5 APPPATH/Controllers/AdminController.php(13): view('admin/dashboard', [...])
 6 SYSTEMPATH/CodeIgniter.php(927): App\Controllers\AdminController->index()
 7 SYSTEMPATH/CodeIgniter.php(482): CodeIgniter\CodeIgniter->runController(Object(App\Controllers\AdminController))
 8 SYSTEMPATH/CodeIgniter.php(351): CodeIgniter\CodeIgniter->handleRequest(null, Object(Config\Cache), false)
 9 FCPATH/index.php(67): CodeIgniter\CodeIgniter->run()
10 SYSTEMPATH/Commands/Server/rewrite.php(46): require_once('FCPATH/index.php')
